<?xml version="1.0" encoding="UTF-8" ?>
<testsuite failures="0" time="6.266" errors="0" skipped="0" tests="1" name="org.kuali.rice.student.permission.BasicPermissionsTest">
  <properties>
    <property name="java.vendor" value="Sun Microsystems Inc."/>
    <property name="localRepository" value="C:/m2"/>
    <property name="env.DEFLOGDIR" value="C:\Documents and Settings\All Users\Application Data\McAfee\DesktopProtection"/>
    <property name="sun.java.launcher" value="SUN_STANDARD"/>
    <property name="sun.management.compiler" value="HotSpot Client Compiler"/>
    <property name="env.PROMPT" value="$P$G"/>
    <property name="os.name" value="Windows XP"/>
    <property name="env.FP_NO_HOST_CHECK" value="NO"/>
    <property name="sun.boot.class.path" value="C:\Program Files\Java\jdk1.6.0_07\jre\lib\resources.jar;C:\Program Files\Java\jdk1.6.0_07\jre\lib\rt.jar;C:\Program Files\Java\jdk1.6.0_07\jre\lib\sunrsasign.jar;C:\Program Files\Java\jdk1.6.0_07\jre\lib\jsse.jar;C:\Program Files\Java\jdk1.6.0_07\jre\lib\jce.jar;C:\Program Files\Java\jdk1.6.0_07\jre\lib\charsets.jar;C:\Program Files\Java\jdk1.6.0_07\jre\classes"/>
    <property name="env.COMPUTERNAME" value="DF224MD1"/>
    <property name="env.ALLUSERSPROFILE" value="C:\Documents and Settings\All Users"/>
    <property name="sun.desktop" value="windows"/>
    <property name="java.vm.specification.vendor" value="Sun Microsystems Inc."/>
    <property name="java.runtime.version" value="1.6.0_07-b06"/>
    <property name="env.HOMEPATH" value="\Documents and Settings\Daniel Epstein"/>
    <property name="env.__COMPAT_LAYER" value="EnableNXShowUI "/>
    <property name="user.name" value="Daniel Epstein"/>
    <property name="env.QTJAVA" value="C:\Program Files\Java\jre6\lib\ext\QTJava.zip"/>
    <property name="user.language" value="en"/>
    <property name="java.naming.factory.initial" value="org.objectweb.carol.jndi.spi.MultiOrbInitialContextFactory"/>
    <property name="sun.boot.library.path" value="C:\Program Files\Java\jdk1.6.0_07\jre\bin"/>
    <property name="classworlds.conf" value="C:\projects\apache-maven-2.0.9\bin\m2.conf"/>
    <property name="ks.use.proxy" value="true"/>
    <property name="java.version" value="1.6.0_07"/>
    <property name="env.PROCESSOR_IDENTIFIER" value="x86 Family 6 Model 15 Stepping 10, GenuineIntel"/>
    <property name="user.timezone" value="America/New_York"/>
    <property name="env.CLIENTNAME" value="Console"/>
    <property name="env.TEMP" value="C:\DOCUME~1\DANIEL~1\LOCALS~1\Temp"/>
    <property name="sun.arch.data.model" value="32"/>
    <property name="java.endorsed.dirs" value="C:\Program Files\Java\jdk1.6.0_07\jre\lib\endorsed"/>
    <property name="env.VSEDEFLOGDIR" value="C:\Documents and Settings\All Users\Application Data\McAfee\DesktopProtection"/>
    <property name="sun.cpu.isalist" value="pentium_pro+mmx pentium_pro pentium+mmx pentium i486 i386 i86"/>
    <property name="env.HOMEDRIVE" value="C:"/>
    <property name="sun.jnu.encoding" value="Cp1252"/>
    <property name="file.encoding.pkg" value="sun.io"/>
    <property name="env.CATALINA_OPTS" value="-Dappserver.home=C:\projects\Tomcat6.0 -Dappserver.base=C:\projects\Tomcat6.0"/>
    <property name="file.separator" value="\"/>
    <property name="java.specification.name" value="Java Platform API Specification"/>
    <property name="java.class.version" value="50.0"/>
    <property name="user.country" value="US"/>
    <property name="java.home" value="C:\Program Files\Java\jdk1.6.0_07\jre"/>
    <property name="env.APPDATA" value="C:\Documents and Settings\Daniel Epstein\Application Data"/>
    <property name="java.vm.info" value="mixed mode"/>
    <property name="env.CATALINA_HOME" value="C:\projects\Tomcat6.0"/>
    <property name="env.ComSpec" value="C:\WINDOWS\system32\cmd.exe  /e:32768"/>
    <property name="env.OS" value="Windows_NT"/>
    <property name="env.CommonProgramFiles" value="C:\Program Files\Common Files"/>
    <property name="os.version" value="5.1"/>
    <property name="path.separator" value=";"/>
    <property name="java.vm.version" value="10.0-b23"/>
    <property name="env.USERPROFILE" value="C:\Documents and Settings\Daniel Epstein"/>
    <property name="user.variant" value=""/>
    <property name="env.JAVA_HOME" value="C:\Program Files\Java\jdk1.6.0_05"/>
    <property name="java.awt.printerjob" value="sun.awt.windows.WPrinterJob"/>
    <property name="env.TMP" value="C:\DOCUME~1\DANIEL~1\LOCALS~1\Temp"/>
    <property name="sun.io.unicode.encoding" value="UnicodeLittle"/>
    <property name="awt.toolkit" value="sun.awt.windows.WToolkit"/>
    <property name="user.home" value="C:\Documents and Settings\Daniel Epstein"/>
    <property name="env.SESSIONNAME" value="Console"/>
    <property name="java.specification.vendor" value="Sun Microsystems Inc."/>
    <property name="env.CLASSPATH" value=".;C:\Program Files\Java\jre6\lib\ext\QTJava.zip"/>
    <property name="env.M2_HOME" value="C:\projects\apache-maven-2.0.9"/>
    <property name="env.NUMBER_OF_PROCESSORS" value="2"/>
    <property name="java.library.path" value="C:\Program Files\Java\jdk1.6.0_07\bin;.;C:\WINDOWS\Sun\Java\bin;C:\WINDOWS\system32;C:\WINDOWS;C:/Program Files/Java/jre6/bin/client;C:/Program Files/Java/jre6/bin;C:\oraclexe\app\oracle\product\10.2.0\server\bin;C:\WINDOWS\system32;C:\WINDOWS;C:\WINDOWS\System32\Wbem;C:\Program Files\NTRU Cryptosystems\NTRU TCG Software Stack\bin\;C:\Program Files\Wave Systems Corp\Dell Preboot Manager\Access Client\v5\;C:\Program Files\IDM Computer Solutions\UltraEdit-32;C:\Program Files\Java\jdk1.6.0_05\bin;C:\Program Files\QuickTime\QTSystem\;C:\projects\jwsdp-2.0\jwsdp-shared\bin;C:\projects\svn-win32-1.4.5\bin;C:\projects\apache-maven-2.0.9\bin;C:\Program Files\glassfish-v2-b58g\lib\ant\bin;C:\Program Files\IDM Computer Solutions\UltraCompare"/>
    <property name="java.vendor.url" value="http://java.sun.com/"/>
    <property name="module.name" value="standalone"/>
    <property name="java.vm.vendor" value="Sun Microsystems Inc."/>
    <property name="maven.home" value="C:\projects\apache-maven-2.0.9"/>
    <property name="java.runtime.name" value="Java(TM) SE Runtime Environment"/>
    <property name="java.class.path" value="C:\projects\apache-maven-2.0.9\boot\classworlds-1.1.jar"/>
    <property name="java.vm.specification.name" value="Java Virtual Machine Specification"/>
    <property name="env.LOGONSERVER" value="\\DF224MD1"/>
    <property name="env.windir" value="C:\WINDOWS"/>
    <property name="java.vm.specification.version" value="1.0"/>
    <property name="env.PROCESSOR_ARCHITECTURE" value="x86"/>
    <property name="javax.rmi.CORBA.PortableRemoteObjectClass" value="org.objectweb.carol.rmi.multi.MultiPRODelegate"/>
    <property name="sun.os.patch.level" value="Service Pack 3"/>
    <property name="sun.cpu.endian" value="little"/>
    <property name="env.ProgramFiles" value="C:\Program Files"/>
    <property name="surefire.test.class.path" value="C:\dev\ks\ks-lum\ks-lum-rice\target\test-classes;C:\dev\ks\ks-lum\ks-lum-rice\target\classes;C:\m2\org\kuali\rice\rice-impl\1.0.0-ks-m1-SNAPSHOT\rice-impl-1.0.0-ks-m1-SNAPSHOT.jar;C:\m2\org\kuali\rice\rice-api\1.0.0-ks-m1-SNAPSHOT\rice-api-1.0.0-ks-m1-SNAPSHOT.jar;C:\m2\commons-lang\commons-lang\2.3\commons-lang-2.3.jar;C:\m2\commons-beanutils\commons-beanutils\1.7.0\commons-beanutils-1.7.0.jar;C:\m2\commons-logging\commons-logging\1.1.1\commons-logging-1.1.1.jar;C:\m2\log4j\log4j\1.2.14\log4j-1.2.14.jar;C:\m2\opensymphony\oscache\2.3.2\oscache-2.3.2.jar;C:\m2\bouncycastle\bcprov-jdk15\133\bcprov-jdk15-133.jar;C:\m2\org\apache\cxf\cxf-rt-frontend-jaxws\2.2\cxf-rt-frontend-jaxws-2.2.jar;C:\m2\asm\asm\2.2.3\asm-2.2.3.jar;C:\m2\org\apache\cxf\cxf-api\2.2\cxf-api-2.2.jar;C:\m2\org\apache\cxf\cxf-common-utilities\2.2\cxf-common-utilities-2.2.jar;C:\m2\org\springframework\spring-core\2.5.4\spring-core-2.5.4.jar;C:\m2\org\springframework\spring-beans\2.5.4\spring-beans-2.5.4.jar;C:\m2\org\springframework\spring-context\2.5.4\spring-context-2.5.4.jar;C:\m2\aopalliance\aopalliance\1.0\aopalliance-1.0.jar;C:\m2\wsdl4j\wsdl4j\1.6.2\wsdl4j-1.6.2.jar;C:\m2\xml-resolver\xml-resolver\1.2\xml-resolver-1.2.jar;C:\m2\org\apache\ws\commons\schema\XmlSchema\1.4.4\XmlSchema-1.4.4.jar;C:\m2\org\apache\neethi\neethi\2.0.4\neethi-2.0.4.jar;C:\m2\org\apache\cxf\cxf-common-schemas\2.2\cxf-common-schemas-2.2.jar;C:\m2\org\apache\cxf\cxf-rt-core\2.2\cxf-rt-core-2.2.jar;C:\m2\com\sun\xml\bind\jaxb-impl\2.1.9\jaxb-impl-2.1.9.jar;C:\m2\com\sun\xml\fastinfoset\FastInfoset\1.2.2\FastInfoset-1.2.2.jar;C:\m2\org\apache\cxf\cxf-rt-bindings-soap\2.2\cxf-rt-bindings-soap-2.2.jar;C:\m2\org\apache\cxf\cxf-tools-common\2.2\cxf-tools-common-2.2.jar;C:\m2\org\apache\cxf\cxf-rt-databinding-jaxb\2.2\cxf-rt-databinding-jaxb-2.2.jar;C:\m2\org\apache\cxf\cxf-rt-bindings-xml\2.2\cxf-rt-bindings-xml-2.2.jar;C:\m2\org\apache\cxf\cxf-rt-frontend-simple\2.2\cxf-rt-frontend-simple-2.2.jar;C:\m2\org\apache\cxf\cxf-rt-ws-addr\2.2\cxf-rt-ws-addr-2.2.jar;C:\m2\javax\xml\soap\saaj-api\1.3\saaj-api-1.3.jar;C:\m2\org\apache\cxf\cxf-rt-transports-http\2.2\cxf-rt-transports-http-2.2.jar;C:\m2\org\springframework\spring-web\2.5.4\spring-web-2.5.4.jar;C:\m2\org\apache\geronimo\specs\geronimo-javamail_1.4_spec\1.5\geronimo-javamail_1.4_spec-1.5.jar;C:\m2\org\apache\geronimo\specs\geronimo-activation_1.1_spec\1.0.2\geronimo-activation_1.1_spec-1.0.2.jar;C:\m2\org\codehaus\woodstox\wstx-asl\3.2.6\wstx-asl-3.2.6.jar;C:\m2\javax\xml\bind\jaxb-api\2.1\jaxb-api-2.1.jar;C:\m2\javax\xml\stream\stax-api\1.0-2\stax-api-1.0-2.jar;C:\m2\com\sun\xml\bind\jaxb-xjc\2.1.9\jaxb-xjc-2.1.9.jar;C:\m2\org\apache\cxf\cxf-rt-ws-security\2.2\cxf-rt-ws-security-2.2.jar;C:\m2\org\apache\ws\security\wss4j\1.5.8\wss4j-1.5.8.jar;C:\m2\org\apache\santuario\xmlsec\1.4.2\xmlsec-1.4.2.jar;C:\m2\xalan\xalan\2.7.1\xalan-2.7.1.jar;C:\m2\xalan\serializer\2.7.1\serializer-2.7.1.jar;C:\m2\org\apache\cxf\cxf-rt-databinding-aegis\2.2\cxf-rt-databinding-aegis-2.2.jar;C:\m2\org\acegisecurity\acegi-security\1.0.6\acegi-security-1.0.6.jar;C:\m2\org\springframework\spring-jdbc\2.5.4\spring-jdbc-2.5.4.jar;C:\m2\org\springframework\spring-tx\2.5.4\spring-tx-2.5.4.jar;C:\m2\commons-codec\commons-codec\1.3\commons-codec-1.3.jar;C:\m2\oro\oro\2.0.8\oro-2.0.8.jar;C:\m2\commons-collections\commons-collections\3.2\commons-collections-3.2.jar;C:\m2\org\acegisecurity\acegi-security-cas\1.0.6\acegi-security-cas-1.0.6.jar;C:\m2\cas\cas-server\3.0.4\cas-server-3.0.4.jar;C:\m2\cas\cas\2.0.12\cas-2.0.12.jar;C:\m2\javax\servlet\servlet-api\2.5\servlet-api-2.5.jar;C:\m2\cas\casclient\2.1.1\casclient-2.1.1.jar;C:\m2\org\jasig\cas\cas-client-core\3.1.6\cas-client-core-3.1.6.jar;C:\m2\org\codehaus\groovy\groovy-all-minimal\1.5.4\groovy-all-minimal-1.5.4.jar;C:\m2\javax\mail\mail\1.4\mail-1.4.jar;C:\m2\javax\activation\activation\1.1\activation-1.1.jar;C:\m2\cglib\cglib-nodep\2.1_3\cglib-nodep-2.1_3.jar;C:\m2\javax\servlet\jstl\1.1.2\jstl-1.1.2.jar;C:\m2\taglibs\standard\1.1.2\standard-1.1.2.jar;C:\m2\xml-apis\xml-apis\1.0.b2\xml-apis-1.0.b2.jar;C:\m2\org\springframework\spring-aop\2.5.4\spring-aop-2.5.4.jar;C:\m2\org\springframework\spring-webmvc\2.5.4\spring-webmvc-2.5.4.jar;C:\m2\org\springframework\spring-context-support\2.5.4\spring-context-support-2.5.4.jar;C:\m2\org\springmodules\spring-modules-ojb\0.8a\spring-modules-ojb-0.8a.jar;C:\m2\commons-pool\commons-pool\1.2\commons-pool-1.2.jar;C:\m2\commons-dbcp\commons-dbcp\1.2.1\commons-dbcp-1.2.1.jar;C:\m2\xerces\xercesImpl\2.6.2\xercesImpl-2.6.2.jar;C:\m2\ojb\db-ojb\1.0.4-patch3\db-ojb-1.0.4-patch3.jar;C:\m2\commons-transaction\commons-transaction\1.1\commons-transaction-1.1.jar;C:\m2\javax\transaction\jta\1.0.1B\jta-1.0.1B.jar;C:\m2\javax\resource\connector-api\1.5\connector-api-1.5.jar;C:\m2\commons-httpclient\commons-httpclient\3.0.1\commons-httpclient-3.0.1.jar;C:\m2\commons-io\commons-io\1.4\commons-io-1.4.jar;C:\m2\backport-util-concurrent\backport-util-concurrent\2.1\backport-util-concurrent-2.1.jar;C:\m2\xapool\xapool\1.5.0-patch3\xapool-1.5.0-patch3.jar;C:\m2\jotm\jotm\2.0.10\jotm-2.0.10.jar;C:\m2\jotm\jotm_jrmp_stubs\2.0.10\jotm_jrmp_stubs-2.0.10.jar;C:\m2\javax\resource\connector\1.0\connector-1.0.jar;C:\m2\org\objectweb\carol\carol\2.0.5\carol-2.0.5.jar;C:\m2\howl\howl-logger\0.1.11\howl-logger-0.1.11.jar;C:\m2\org\apache\derby\derby\10.4.2.0\derby-10.4.2.0.jar;C:\m2\com\oracle\ojdbc14\10.2.0.3.0\ojdbc14-10.2.0.3.0.jar;C:\m2\mysql\mysql-connector-java\5.1.5\mysql-connector-java-5.1.5.jar;C:\m2\org\hibernate\hibernate\3.2.6.ga\hibernate-3.2.6.ga.jar;C:\m2\net\sf\ehcache\ehcache\1.2.3\ehcache-1.2.3.jar;C:\m2\asm\asm-attrs\1.5.3\asm-attrs-1.5.3.jar;C:\m2\dom4j\dom4j\1.6.1\dom4j-1.6.1.jar;C:\m2\antlr\antlr\2.7.7\antlr-2.7.7.jar;C:\m2\org\hibernate\hibernate-entitymanager\3.4.0.GA\hibernate-entitymanager-3.4.0.GA.jar;C:\m2\org\hibernate\ejb3-persistence\1.0.2.GA\ejb3-persistence-1.0.2.GA.jar;C:\m2\org\hibernate\hibernate-commons-annotations\3.1.0.GA\hibernate-commons-annotations-3.1.0.GA.jar;C:\m2\org\slf4j\slf4j-api\1.5.0\slf4j-api-1.5.0.jar;C:\m2\org\hibernate\hibernate-annotations\3.4.0.GA\hibernate-annotations-3.4.0.GA.jar;C:\m2\org\hibernate\hibernate-core\3.3.0.SP1\hibernate-core-3.3.0.SP1.jar;C:\m2\javassist\javassist\3.4.GA\javassist-3.4.GA.jar;C:\m2\concurrent\concurrent\1.3.4\concurrent-1.3.4.jar;C:\m2\struts\struts\1.2.9\struts-1.2.9.jar;C:\m2\commons-digester\commons-digester\1.6\commons-digester-1.6.jar;C:\m2\commons-fileupload\commons-fileupload\1.2.1\commons-fileupload-1.2.1.jar;C:\m2\commons-validator\commons-validator\1.1.4\commons-validator-1.1.4.jar;C:\m2\struts\struts-el\1.2.9\struts-el-1.2.9.jar;C:\m2\displaytag\displaytag\1.1\displaytag-1.1.jar;C:\m2\com\lowagie\itext\1.3\itext-1.3.jar;C:\m2\com\thoughtworks\xstream\xstream\1.2.2\xstream-1.2.2.jar;C:\m2\xpp3\xpp3_min\1.1.3.4.O\xpp3_min-1.1.3.4.O.jar;C:\m2\dwr\dwr\1.1.3\dwr-1.1.3.jar;C:\m2\bsf\bsf\2.4.0\bsf-2.4.0.jar;C:\m2\jdom\jdom\1.0\jdom-1.0.jar;C:\m2\xom\xom\1.1\xom-1.1.jar;C:\m2\xerces\xmlParserAPIs\2.6.2\xmlParserAPIs-2.6.2.jar;C:\m2\jaxen\jaxen\1.1-beta-8\jaxen-1.1-beta-8.jar;C:\m2\opensymphony\quartz\1.6.0\quartz-1.6.0.jar;C:\m2\bcel\bcel\5.1\bcel-5.1.jar;C:\m2\org\kuali\student\lum\ks-lum-api\0.0.1-SNAPSHOT\ks-lum-api-0.0.1-SNAPSHOT.jar;C:\m2\org\kuali\student\core\ks-core-api\0.0.1-SNAPSHOT\ks-core-api-0.0.1-SNAPSHOT.jar;C:\m2\org\springframework\spring-orm\2.5.4\spring-orm-2.5.4.jar;C:\m2\org\springframework\security\spring-security-core\2.0.4\spring-security-core-2.0.4.jar;C:\m2\junit\junit\4.4\junit-4.4.jar;"/>
    <property name="java.io.tmpdir" value="C:\DOCUME~1\DANIEL~1\LOCALS~1\Temp\"/>
    <property name="env.PROCESSOR_REVISION" value="0f0a"/>
    <property name="java.vendor.url.bug" value="http://java.sun.com/cgi-bin/bugreport.cgi"/>
    <property name="env.MAVEN_OPTS" value="-Dks.use.proxy=true -Xmx768m -XX:PermSize=256m"/>
    <property name="env.SystemRoot" value="C:\WINDOWS"/>
    <property name="java.awt.graphicsenv" value="sun.awt.Win32GraphicsEnvironment"/>
    <property name="os.arch" value="x86"/>
    <property name="java.ext.dirs" value="C:\Program Files\Java\jdk1.6.0_07\jre\lib\ext;C:\WINDOWS\Sun\Java\lib\ext"/>
    <property name="user.dir" value="C:\dev\ks\ks-lum\ks-lum-rice"/>
    <property name="line.separator" value="
"/>
    <property name="java.vm.name" value="Java HotSpot(TM) Client VM"/>
    <property name="env.PATHEXT" value=".COM;.EXE;.BAT;.CMD;.VBS;.VBE;.JS;.JSE;.WSF;.WSH"/>
    <property name="rmi.local.call" value="false"/>
    <property name="env.Path" value="C:/Program Files/Java/jre6/bin/client;C:/Program Files/Java/jre6/bin;C:\oraclexe\app\oracle\product\10.2.0\server\bin;C:\WINDOWS\system32;C:\WINDOWS;C:\WINDOWS\System32\Wbem;C:\Program Files\NTRU Cryptosystems\NTRU TCG Software Stack\bin\;C:\Program Files\Wave Systems Corp\Dell Preboot Manager\Access Client\v5\;C:\Program Files\IDM Computer Solutions\UltraEdit-32;C:\Program Files\Java\jdk1.6.0_05\bin;C:\Program Files\QuickTime\QTSystem\;C:\projects\jwsdp-2.0\jwsdp-shared\bin;C:\projects\svn-win32-1.4.5\bin;C:\projects\apache-maven-2.0.9\bin;C:\Program Files\glassfish-v2-b58g\lib\ant\bin;C:\Program Files\IDM Computer Solutions\UltraCompare"/>
    <property name="basedir" value="C:\dev\ks\ks-lum\ks-lum-rice"/>
    <property name="env.USERNAME" value="Daniel Epstein"/>
    <property name="env.SystemDrive" value="C:"/>
    <property name="file.encoding" value="Cp1252"/>
    <property name="env.USERDOMAIN" value="DF224MD1"/>
    <property name="java.specification.version" value="1.6"/>
    <property name="env.PROCESSOR_LEVEL" value="6"/>
  </properties>
  <testcase time="6.266" classname="org.kuali.rice.student.permission.BasicPermissionsTest" name="testOpenPermission"/>
</testsuite>