<?xml version="1.0" encoding="UTF-8" ?>
<testsuite failures="0" time="0.049" errors="1" skipped="0" tests="1" name="org.kuali.student.enrollment.lpr.service.impl.LuiPersonRelationServiceImplTest">
  <properties>
    <property name="java.runtime.name" value="Java(TM) SE Runtime Environment"/>
    <property name="sun.boot.library.path" value="C:\ProgramFiles\java\jre\bin"/>
    <property name="java.vm.version" value="14.3-b01"/>
    <property name="java.vm.vendor" value="Sun Microsystems Inc."/>
    <property name="java.vendor.url" value="http://java.sun.com/"/>
    <property name="path.separator" value=";"/>
    <property name="java.vm.name" value="Java HotSpot(TM) Client VM"/>
    <property name="file.encoding.pkg" value="sun.io"/>
    <property name="user.country" value="US"/>
    <property name="sun.java.launcher" value="SUN_STANDARD"/>
    <property name="sun.os.patch.level" value=""/>
    <property name="java.vm.specification.name" value="Java Virtual Machine Specification"/>
    <property name="user.dir" value="D:\programming\projects\exadel_projects\berkeley\kuali\ks-r2-poc\ks-services-alternative\ks-services-impl"/>
    <property name="java.runtime.version" value="1.6.0_17-b04"/>
    <property name="java.awt.graphicsenv" value="sun.awt.Win32GraphicsEnvironment"/>
    <property name="basedir" value="D:\programming\projects\exadel_projects\berkeley\kuali\ks-r2-poc\ks-services-alternative\ks-services-impl"/>
    <property name="java.endorsed.dirs" value="C:\ProgramFiles\java\jre\lib\endorsed"/>
    <property name="os.arch" value="x86"/>
    <property name="surefire.real.class.path" value="C:\Users\Igor\AppData\Local\Temp\surefirebooter3464033144399468887.jar"/>
    <property name="java.io.tmpdir" value="C:\Users\Igor\AppData\Local\Temp\"/>
    <property name="line.separator" value="
"/>
    <property name="java.vm.specification.vendor" value="Sun Microsystems Inc."/>
    <property name="user.variant" value=""/>
    <property name="os.name" value="Windows 7"/>
    <property name="sun.jnu.encoding" value="Cp1252"/>
    <property name="java.library.path" value="C:\ProgramFiles\java\jre\bin;.;C:\Windows\Sun\Java\bin;C:\Windows\system32;C:\Windows;C:\ProgramFiles\oracle\app\oracle\product\10.2.0\server\bin;C:\Windows\system32;C:\Windows;C:\Windows\System32\Wbem;C:\Windows\System32\WindowsPowerShell\v1.0\;C:\Program Files\Intel\DMIX;c:\Program Files (x86)\ATI Technologies\ATI.ACE\Core-Static;C:\Program Files (x86)\NTRU Cryptosystems\NTRU TCG Software Stack\bin\;C:\Program Files\NTRU Cryptosystems\NTRU TCG Software Stack\bin\;C:\Program Files\Wave Systems Corp\Gemalto\Access Client\v5\;C:\Program Files (x86)\Common Files\Roxio Shared\DLLShared\;C:\Program Files (x86)\Common Files\Roxio Shared\10.0\DLLShared\;d:\ProgramFiles\apache-maven-3.0\bin;C:\Program Files\TortoiseSVN\bin;C:\Program Files\MySQL\MySQL Server 5.1\bin;d:\ProgramFiles\apache-ant-1.7.1\bin;C:\Program Files\TortoiseHg;c:\Program Files (x86)\jprofiler5\bin\windows-x64;C:\ProgramFiles\java\bin;C:\Program Files (x86)\Git\cmd"/>
    <property name="surefire.test.class.path" value="D:\programming\projects\exadel_projects\berkeley\kuali\ks-r2-poc\ks-services-alternative\ks-services-impl\target\test-classes;D:\programming\projects\exadel_projects\berkeley\kuali\ks-r2-poc\ks-services-alternative\ks-services-impl\target\classes;D:\programming\maven\maven_rep\org\kuali\student\core\ks-core-api\1.1.1-SNAPSHOT\ks-core-api-1.1.1-SNAPSHOT.jar;D:\programming\maven\maven_rep\org\kuali\student\common\ks-common-api\1.1.1-SNAPSHOT\ks-common-api-1.1.1-SNAPSHOT.jar;D:\programming\maven\maven_rep\org\kuali\rice\rice-api\1.0.3.1-BX\rice-api-1.0.3.1-BX.jar;D:\programming\maven\maven_rep\commons-lang\commons-lang\2.3\commons-lang-2.3.jar;D:\programming\maven\maven_rep\commons-beanutils\commons-beanutils\1.7.0\commons-beanutils-1.7.0.jar;D:\programming\maven\maven_rep\commons-logging\commons-logging\1.0.3\commons-logging-1.0.3.jar;D:\programming\maven\maven_rep\log4j\log4j\1.2.14\log4j-1.2.14.jar;D:\programming\maven\maven_rep\org\apache\geronimo\specs\geronimo-ws-metadata_2.0_spec\1.1.2\geronimo-ws-metadata_2.0_spec-1.1.2.jar;D:\programming\maven\maven_rep\org\apache\geronimo\specs\geronimo-annotation_1.0_spec\1.1.1\geronimo-annotation_1.0_spec-1.1.1.jar;D:\programming\maven\maven_rep\org\codehaus\btm\btm\2.1.0\btm-2.1.0.jar;D:\programming\maven\maven_rep\org\slf4j\slf4j-log4j12\1.6.0\slf4j-log4j12-1.6.0.jar;D:\programming\maven\maven_rep\org\slf4j\jcl-over-slf4j\1.6.0\jcl-over-slf4j-1.6.0.jar;D:\programming\maven\maven_rep\org\kuali\student\lum\ks-lum-api\1.1.1-SNAPSHOT\ks-lum-api-1.1.1-SNAPSHOT.jar;D:\programming\maven\maven_rep\com\google\code\gwtx\gwtx\1.5.3\gwtx-1.5.3.jar;D:\programming\maven\maven_rep\com\google\gwt\gwt-user\1.5.3\gwt-user-1.5.3.jar;D:\programming\maven\maven_rep\org\kuali\student\common\ks-common-api\1.1.1-SNAPSHOT\ks-common-api-1.1.1-SNAPSHOT-sources.jar;D:\programming\maven\maven_rep\org\kuali\student\common\ks-common-util\1.1.1-SNAPSHOT\ks-common-util-1.1.1-SNAPSHOT.jar;D:\programming\maven\maven_rep\javax\persistence\persistence-api\1.0\persistence-api-1.0.jar;D:\programming\maven\maven_rep\net\sf\ehcache\ehcache\1.4.1\ehcache-1.4.1.jar;D:\programming\maven\maven_rep\net\sf\jsr107cache\jsr107cache\1.0\jsr107cache-1.0.jar;D:\programming\maven\maven_rep\backport-util-concurrent\backport-util-concurrent\3.1\backport-util-concurrent-3.1.jar;D:\programming\maven\maven_rep\org\slf4j\slf4j-api\1.6.0\slf4j-api-1.6.0.jar;D:\programming\maven\maven_rep\org\springframework\spring-core\2.5.6\spring-core-2.5.6.jar;D:\programming\maven\maven_rep\org\springframework\spring-aop\2.5.6\spring-aop-2.5.6.jar;D:\programming\maven\maven_rep\aopalliance\aopalliance\1.0\aopalliance-1.0.jar;D:\programming\maven\maven_rep\org\springframework\spring-beans\2.5.6\spring-beans-2.5.6.jar;D:\programming\maven\maven_rep\org\springframework\spring-orm\2.5.6\spring-orm-2.5.6.jar;D:\programming\maven\maven_rep\org\springframework\spring-context\2.5.6\spring-context-2.5.6.jar;D:\programming\maven\maven_rep\org\springframework\spring-tx\2.5.6\spring-tx-2.5.6.jar;D:\programming\maven\maven_rep\org\springframework\spring-webmvc\2.5.6\spring-webmvc-2.5.6.jar;D:\programming\maven\maven_rep\org\springframework\spring-context-support\2.5.6\spring-context-support-2.5.6.jar;D:\programming\maven\maven_rep\org\springframework\spring-web\2.5.6\spring-web-2.5.6.jar;D:\programming\maven\maven_rep\org\aspectj\aspectjrt\1.5.4\aspectjrt-1.5.4.jar;D:\programming\maven\maven_rep\org\apache\velocity\velocity-tools\2.0\velocity-tools-2.0.jar;D:\programming\maven\maven_rep\commons-digester\commons-digester\1.8\commons-digester-1.8.jar;D:\programming\maven\maven_rep\commons-chain\commons-chain\1.1\commons-chain-1.1.jar;D:\programming\maven\maven_rep\commons-validator\commons-validator\1.3.1\commons-validator-1.3.1.jar;D:\programming\maven\maven_rep\oro\oro\2.0.8\oro-2.0.8.jar;D:\programming\maven\maven_rep\sslext\sslext\1.2-0\sslext-1.2-0.jar;D:\programming\maven\maven_rep\org\apache\struts\struts-core\1.3.8\struts-core-1.3.8.jar;D:\programming\maven\maven_rep\org\apache\struts\struts-taglib\1.3.8\struts-taglib-1.3.8.jar;D:\programming\maven\maven_rep\org\apache\struts\struts-tiles\1.3.8\struts-tiles-1.3.8.jar;D:\programming\maven\maven_rep\org\apache\velocity\velocity\1.6.4\velocity-1.6.4.jar;D:\programming\maven\maven_rep\logkit\logkit\2.0\logkit-2.0.jar;D:\programming\maven\maven_rep\org\antlr\antlr-runtime\3.1.1\antlr-runtime-3.1.1.jar;D:\programming\projects\exadel_projects\berkeley\kuali\ks-r2-poc\ks-services-alternative\ks-services-api\target\ks-services-api-0.0.1-SNAPSHOT.jar;D:\programming\maven\maven_rep\junit\junit\4.8.1\junit-4.8.1.jar;D:\programming\maven\maven_rep\org\hibernate\hibernate-entitymanager\3.4.0.GA\hibernate-entitymanager-3.4.0.GA.jar;D:\programming\maven\maven_rep\org\hibernate\ejb3-persistence\1.0.2.GA\ejb3-persistence-1.0.2.GA.jar;D:\programming\maven\maven_rep\org\hibernate\hibernate-commons-annotations\3.1.0.GA\hibernate-commons-annotations-3.1.0.GA.jar;D:\programming\maven\maven_rep\org\hibernate\hibernate-annotations\3.4.0.GA\hibernate-annotations-3.4.0.GA.jar;D:\programming\maven\maven_rep\org\hibernate\hibernate-core\3.3.0.SP1\hibernate-core-3.3.0.SP1.jar;D:\programming\maven\maven_rep\antlr\antlr\2.7.6\antlr-2.7.6.jar;D:\programming\maven\maven_rep\commons-collections\commons-collections\3.1\commons-collections-3.1.jar;D:\programming\maven\maven_rep\dom4j\dom4j\1.6.1\dom4j-1.6.1.jar;D:\programming\maven\maven_rep\xml-apis\xml-apis\1.0.b2\xml-apis-1.0.b2.jar;D:\programming\maven\maven_rep\javax\transaction\jta\1.1\jta-1.1.jar;D:\programming\maven\maven_rep\javassist\javassist\3.4.GA\javassist-3.4.GA.jar;D:\programming\maven\maven_rep\org\hsqldb\hsqldb\2.0.0\hsqldb-2.0.0.jar;"/>
    <property name="java.specification.name" value="Java Platform API Specification"/>
    <property name="java.class.version" value="50.0"/>
    <property name="sun.management.compiler" value="HotSpot Client Compiler"/>
    <property name="os.version" value="6.1"/>
    <property name="user.home" value="C:\Users\Igor"/>
    <property name="user.timezone" value="America/Los_Angeles"/>
    <property name="java.awt.printerjob" value="sun.awt.windows.WPrinterJob"/>
    <property name="java.specification.version" value="1.6"/>
    <property name="file.encoding" value="Cp1252"/>
    <property name="user.name" value="Igor"/>
    <property name="java.class.path" value="D:\programming\projects\exadel_projects\berkeley\kuali\ks-r2-poc\ks-services-alternative\ks-services-impl\target\test-classes;D:\programming\projects\exadel_projects\berkeley\kuali\ks-r2-poc\ks-services-alternative\ks-services-impl\target\classes;D:\programming\maven\maven_rep\org\kuali\student\core\ks-core-api\1.1.1-SNAPSHOT\ks-core-api-1.1.1-SNAPSHOT.jar;D:\programming\maven\maven_rep\org\kuali\student\common\ks-common-api\1.1.1-SNAPSHOT\ks-common-api-1.1.1-SNAPSHOT.jar;D:\programming\maven\maven_rep\org\kuali\rice\rice-api\1.0.3.1-BX\rice-api-1.0.3.1-BX.jar;D:\programming\maven\maven_rep\commons-lang\commons-lang\2.3\commons-lang-2.3.jar;D:\programming\maven\maven_rep\commons-beanutils\commons-beanutils\1.7.0\commons-beanutils-1.7.0.jar;D:\programming\maven\maven_rep\commons-logging\commons-logging\1.0.3\commons-logging-1.0.3.jar;D:\programming\maven\maven_rep\log4j\log4j\1.2.14\log4j-1.2.14.jar;D:\programming\maven\maven_rep\org\apache\geronimo\specs\geronimo-ws-metadata_2.0_spec\1.1.2\geronimo-ws-metadata_2.0_spec-1.1.2.jar;D:\programming\maven\maven_rep\org\apache\geronimo\specs\geronimo-annotation_1.0_spec\1.1.1\geronimo-annotation_1.0_spec-1.1.1.jar;D:\programming\maven\maven_rep\org\codehaus\btm\btm\2.1.0\btm-2.1.0.jar;D:\programming\maven\maven_rep\org\slf4j\slf4j-log4j12\1.6.0\slf4j-log4j12-1.6.0.jar;D:\programming\maven\maven_rep\org\slf4j\jcl-over-slf4j\1.6.0\jcl-over-slf4j-1.6.0.jar;D:\programming\maven\maven_rep\org\kuali\student\lum\ks-lum-api\1.1.1-SNAPSHOT\ks-lum-api-1.1.1-SNAPSHOT.jar;D:\programming\maven\maven_rep\com\google\code\gwtx\gwtx\1.5.3\gwtx-1.5.3.jar;D:\programming\maven\maven_rep\com\google\gwt\gwt-user\1.5.3\gwt-user-1.5.3.jar;D:\programming\maven\maven_rep\org\kuali\student\common\ks-common-api\1.1.1-SNAPSHOT\ks-common-api-1.1.1-SNAPSHOT-sources.jar;D:\programming\maven\maven_rep\org\kuali\student\common\ks-common-util\1.1.1-SNAPSHOT\ks-common-util-1.1.1-SNAPSHOT.jar;D:\programming\maven\maven_rep\javax\persistence\persistence-api\1.0\persistence-api-1.0.jar;D:\programming\maven\maven_rep\net\sf\ehcache\ehcache\1.4.1\ehcache-1.4.1.jar;D:\programming\maven\maven_rep\net\sf\jsr107cache\jsr107cache\1.0\jsr107cache-1.0.jar;D:\programming\maven\maven_rep\backport-util-concurrent\backport-util-concurrent\3.1\backport-util-concurrent-3.1.jar;D:\programming\maven\maven_rep\org\slf4j\slf4j-api\1.6.0\slf4j-api-1.6.0.jar;D:\programming\maven\maven_rep\org\springframework\spring-core\2.5.6\spring-core-2.5.6.jar;D:\programming\maven\maven_rep\org\springframework\spring-aop\2.5.6\spring-aop-2.5.6.jar;D:\programming\maven\maven_rep\aopalliance\aopalliance\1.0\aopalliance-1.0.jar;D:\programming\maven\maven_rep\org\springframework\spring-beans\2.5.6\spring-beans-2.5.6.jar;D:\programming\maven\maven_rep\org\springframework\spring-orm\2.5.6\spring-orm-2.5.6.jar;D:\programming\maven\maven_rep\org\springframework\spring-context\2.5.6\spring-context-2.5.6.jar;D:\programming\maven\maven_rep\org\springframework\spring-tx\2.5.6\spring-tx-2.5.6.jar;D:\programming\maven\maven_rep\org\springframework\spring-webmvc\2.5.6\spring-webmvc-2.5.6.jar;D:\programming\maven\maven_rep\org\springframework\spring-context-support\2.5.6\spring-context-support-2.5.6.jar;D:\programming\maven\maven_rep\org\springframework\spring-web\2.5.6\spring-web-2.5.6.jar;D:\programming\maven\maven_rep\org\aspectj\aspectjrt\1.5.4\aspectjrt-1.5.4.jar;D:\programming\maven\maven_rep\org\apache\velocity\velocity-tools\2.0\velocity-tools-2.0.jar;D:\programming\maven\maven_rep\commons-digester\commons-digester\1.8\commons-digester-1.8.jar;D:\programming\maven\maven_rep\commons-chain\commons-chain\1.1\commons-chain-1.1.jar;D:\programming\maven\maven_rep\commons-validator\commons-validator\1.3.1\commons-validator-1.3.1.jar;D:\programming\maven\maven_rep\oro\oro\2.0.8\oro-2.0.8.jar;D:\programming\maven\maven_rep\sslext\sslext\1.2-0\sslext-1.2-0.jar;D:\programming\maven\maven_rep\org\apache\struts\struts-core\1.3.8\struts-core-1.3.8.jar;D:\programming\maven\maven_rep\org\apache\struts\struts-taglib\1.3.8\struts-taglib-1.3.8.jar;D:\programming\maven\maven_rep\org\apache\struts\struts-tiles\1.3.8\struts-tiles-1.3.8.jar;D:\programming\maven\maven_rep\org\apache\velocity\velocity\1.6.4\velocity-1.6.4.jar;D:\programming\maven\maven_rep\logkit\logkit\2.0\logkit-2.0.jar;D:\programming\maven\maven_rep\org\antlr\antlr-runtime\3.1.1\antlr-runtime-3.1.1.jar;D:\programming\projects\exadel_projects\berkeley\kuali\ks-r2-poc\ks-services-alternative\ks-services-api\target\ks-services-api-0.0.1-SNAPSHOT.jar;D:\programming\maven\maven_rep\junit\junit\4.8.1\junit-4.8.1.jar;D:\programming\maven\maven_rep\org\hibernate\hibernate-entitymanager\3.4.0.GA\hibernate-entitymanager-3.4.0.GA.jar;D:\programming\maven\maven_rep\org\hibernate\ejb3-persistence\1.0.2.GA\ejb3-persistence-1.0.2.GA.jar;D:\programming\maven\maven_rep\org\hibernate\hibernate-commons-annotations\3.1.0.GA\hibernate-commons-annotations-3.1.0.GA.jar;D:\programming\maven\maven_rep\org\hibernate\hibernate-annotations\3.4.0.GA\hibernate-annotations-3.4.0.GA.jar;D:\programming\maven\maven_rep\org\hibernate\hibernate-core\3.3.0.SP1\hibernate-core-3.3.0.SP1.jar;D:\programming\maven\maven_rep\antlr\antlr\2.7.6\antlr-2.7.6.jar;D:\programming\maven\maven_rep\commons-collections\commons-collections\3.1\commons-collections-3.1.jar;D:\programming\maven\maven_rep\dom4j\dom4j\1.6.1\dom4j-1.6.1.jar;D:\programming\maven\maven_rep\xml-apis\xml-apis\1.0.b2\xml-apis-1.0.b2.jar;D:\programming\maven\maven_rep\javax\transaction\jta\1.1\jta-1.1.jar;D:\programming\maven\maven_rep\javassist\javassist\3.4.GA\javassist-3.4.GA.jar;D:\programming\maven\maven_rep\org\hsqldb\hsqldb\2.0.0\hsqldb-2.0.0.jar;"/>
    <property name="java.vm.specification.version" value="1.0"/>
    <property name="sun.arch.data.model" value="32"/>
    <property name="java.home" value="C:\ProgramFiles\java\jre"/>
    <property name="java.specification.vendor" value="Sun Microsystems Inc."/>
    <property name="user.language" value="en"/>
    <property name="awt.toolkit" value="sun.awt.windows.WToolkit"/>
    <property name="java.vm.info" value="mixed mode, sharing"/>
    <property name="java.version" value="1.6.0_17"/>
    <property name="java.ext.dirs" value="C:\ProgramFiles\java\jre\lib\ext;C:\Windows\Sun\Java\lib\ext"/>
    <property name="sun.boot.class.path" value="C:\ProgramFiles\java\jre\lib\resources.jar;C:\ProgramFiles\java\jre\lib\rt.jar;C:\ProgramFiles\java\jre\lib\sunrsasign.jar;C:\ProgramFiles\java\jre\lib\jsse.jar;C:\ProgramFiles\java\jre\lib\jce.jar;C:\ProgramFiles\java\jre\lib\charsets.jar;C:\ProgramFiles\java\jre\classes"/>
    <property name="java.vendor" value="Sun Microsystems Inc."/>
    <property name="localRepository" value="D:\programming\maven\maven_rep"/>
    <property name="file.separator" value="\"/>
    <property name="java.vendor.url.bug" value="http://java.sun.com/cgi-bin/bugreport.cgi"/>
    <property name="sun.cpu.endian" value="little"/>
    <property name="sun.io.unicode.encoding" value="UnicodeLittle"/>
    <property name="sun.desktop" value="windows"/>
    <property name="sun.cpu.isalist" value="pentium_pro+mmx pentium_pro pentium+mmx pentium i486 i386 i86"/>
  </properties>
  <testcase time="0.046" classname="org.kuali.student.enrollment.lpr.service.impl.LuiPersonRelationServiceImplTest" name="testCreateBulkRelationshipsForPerson">
    <error message="Unexpected exception parsing XML document from class path resource [applicationContext.xml]; nested exception is java.lang.NoClassDefFoundError: org/aspectj/weaver/reflect/ReflectionWorld$ReflectionWorldException" type="org.springframework.beans.factory.BeanDefinitionStoreException">org.springframework.beans.factory.BeanDefinitionStoreException: Unexpected exception parsing XML document from class path resource [applicationContext.xml]; nested exception is java.lang.NoClassDefFoundError: org/aspectj/weaver/reflect/ReflectionWorld$ReflectionWorldException
	at org.springframework.beans.factory.xml.XmlBeanDefinitionReader.doLoadBeanDefinitions(XmlBeanDefinitionReader.java:420)
	at org.springframework.beans.factory.xml.XmlBeanDefinitionReader.loadBeanDefinitions(XmlBeanDefinitionReader.java:342)
	at org.springframework.beans.factory.xml.XmlBeanDefinitionReader.loadBeanDefinitions(XmlBeanDefinitionReader.java:310)
	at org.springframework.beans.factory.support.AbstractBeanDefinitionReader.loadBeanDefinitions(AbstractBeanDefinitionReader.java:143)
	at org.springframework.beans.factory.support.AbstractBeanDefinitionReader.loadBeanDefinitions(AbstractBeanDefinitionReader.java:178)
	at org.springframework.beans.factory.support.AbstractBeanDefinitionReader.loadBeanDefinitions(AbstractBeanDefinitionReader.java:149)
	at org.springframework.beans.factory.support.AbstractBeanDefinitionReader.loadBeanDefinitions(AbstractBeanDefinitionReader.java:212)
	at org.springframework.context.support.AbstractXmlApplicationContext.loadBeanDefinitions(AbstractXmlApplicationContext.java:113)
	at org.springframework.context.support.AbstractXmlApplicationContext.loadBeanDefinitions(AbstractXmlApplicationContext.java:80)
	at org.springframework.context.support.AbstractRefreshableApplicationContext.refreshBeanFactory(AbstractRefreshableApplicationContext.java:123)
	at org.springframework.context.support.AbstractApplicationContext.obtainFreshBeanFactory(AbstractApplicationContext.java:422)
	at org.springframework.context.support.AbstractApplicationContext.refresh(AbstractApplicationContext.java:352)
	at org.springframework.context.support.ClassPathXmlApplicationContext.&lt;init&gt;(ClassPathXmlApplicationContext.java:139)
	at org.springframework.context.support.ClassPathXmlApplicationContext.&lt;init&gt;(ClassPathXmlApplicationContext.java:93)
	at org.kuali.student.enrollment.lpr.service.impl.LuiPersonRelationServiceImplTest.testCreateBulkRelationshipsForPerson(LuiPersonRelationServiceImplTest.java:46)
	at sun.reflect.NativeMethodAccessorImpl.invoke0(Native Method)
	at sun.reflect.NativeMethodAccessorImpl.invoke(NativeMethodAccessorImpl.java:39)
	at sun.reflect.DelegatingMethodAccessorImpl.invoke(DelegatingMethodAccessorImpl.java:25)
	at java.lang.reflect.Method.invoke(Method.java:597)
	at org.junit.runners.model.FrameworkMethod$1.runReflectiveCall(FrameworkMethod.java:44)
	at org.junit.internal.runners.model.ReflectiveCallable.run(ReflectiveCallable.java:15)
	at org.junit.runners.model.FrameworkMethod.invokeExplosively(FrameworkMethod.java:41)
	at org.junit.internal.runners.statements.InvokeMethod.evaluate(InvokeMethod.java:20)
	at org.junit.runners.BlockJUnit4ClassRunner.runChild(BlockJUnit4ClassRunner.java:76)
	at org.junit.runners.BlockJUnit4ClassRunner.runChild(BlockJUnit4ClassRunner.java:50)
	at org.junit.runners.ParentRunner$3.run(ParentRunner.java:193)
	at org.junit.runners.ParentRunner$1.schedule(ParentRunner.java:52)
	at org.junit.runners.ParentRunner.runChildren(ParentRunner.java:191)
	at org.junit.runners.ParentRunner.access$000(ParentRunner.java:42)
	at org.junit.runners.ParentRunner$2.evaluate(ParentRunner.java:184)
	at org.junit.runners.ParentRunner.run(ParentRunner.java:236)
	at org.apache.maven.surefire.junit4.JUnit4TestSet.execute(JUnit4TestSet.java:62)
	at org.apache.maven.surefire.suite.AbstractDirectoryTestSuite.executeTestSet(AbstractDirectoryTestSuite.java:140)
	at org.apache.maven.surefire.suite.AbstractDirectoryTestSuite.execute(AbstractDirectoryTestSuite.java:127)
	at org.apache.maven.surefire.Surefire.run(Surefire.java:177)
	at sun.reflect.NativeMethodAccessorImpl.invoke0(Native Method)
	at sun.reflect.NativeMethodAccessorImpl.invoke(NativeMethodAccessorImpl.java:39)
	at sun.reflect.DelegatingMethodAccessorImpl.invoke(DelegatingMethodAccessorImpl.java:25)
	at java.lang.reflect.Method.invoke(Method.java:597)
	at org.apache.maven.surefire.booter.SurefireBooter.runSuitesInProcess(SurefireBooter.java:345)
	at org.apache.maven.surefire.booter.SurefireBooter.main(SurefireBooter.java:1009)
Caused by: java.lang.NoClassDefFoundError: org/aspectj/weaver/reflect/ReflectionWorld$ReflectionWorldException
	at java.lang.Class.forName0(Native Method)
	at java.lang.Class.forName(Class.java:169)
	at org.springframework.aop.config.ConfigBeanDefinitionParser.class$(ConfigBeanDefinitionParser.java:208)
	at org.springframework.aop.config.ConfigBeanDefinitionParser.createPointcutDefinition(ConfigBeanDefinitionParser.java:539)
	at org.springframework.aop.config.ConfigBeanDefinitionParser.parsePointcut(ConfigBeanDefinitionParser.java:476)
	at org.springframework.aop.config.ConfigBeanDefinitionParser.parseAspect(ConfigBeanDefinitionParser.java:274)
	at org.springframework.aop.config.ConfigBeanDefinitionParser.parse(ConfigBeanDefinitionParser.java:148)
	at org.springframework.beans.factory.xml.NamespaceHandlerSupport.parse(NamespaceHandlerSupport.java:69)
	at org.springframework.beans.factory.xml.BeanDefinitionParserDelegate.parseCustomElement(BeanDefinitionParserDelegate.java:1297)
	at org.springframework.beans.factory.xml.BeanDefinitionParserDelegate.parseCustomElement(BeanDefinitionParserDelegate.java:1287)
	at org.springframework.beans.factory.xml.DefaultBeanDefinitionDocumentReader.parseBeanDefinitions(DefaultBeanDefinitionDocumentReader.java:135)
	at org.springframework.beans.factory.xml.DefaultBeanDefinitionDocumentReader.registerBeanDefinitions(DefaultBeanDefinitionDocumentReader.java:92)
	at org.springframework.beans.factory.xml.XmlBeanDefinitionReader.registerBeanDefinitions(XmlBeanDefinitionReader.java:507)
	at org.springframework.beans.factory.xml.XmlBeanDefinitionReader.doLoadBeanDefinitions(XmlBeanDefinitionReader.java:398)
	... 40 more
Caused by: java.lang.ClassNotFoundException: org.aspectj.weaver.reflect.ReflectionWorld$ReflectionWorldException
	at java.net.URLClassLoader$1.run(URLClassLoader.java:200)
	at java.security.AccessController.doPrivileged(Native Method)
	at java.net.URLClassLoader.findClass(URLClassLoader.java:188)
	at java.lang.ClassLoader.loadClass(ClassLoader.java:303)
	at sun.misc.Launcher$AppClassLoader.loadClass(Launcher.java:301)
	at java.lang.ClassLoader.loadClass(ClassLoader.java:248)
	at java.lang.ClassLoader.loadClassInternal(ClassLoader.java:316)
	... 54 more
</error>
  </testcase>
</testsuite>