<?xml version="1.0" encoding="UTF-8" ?>
<testsuite failures="0" time="1.139" errors="1" skipped="0" tests="1" name="org.kuali.student.enrollment.lpr.test.LuiPersonRelationServiceTest">
  <properties>
    <property name="java.runtime.name" value="Java(TM) SE Runtime Environment"/>
    <property name="sun.boot.library.path" value="C:\ProgramFiles\java\jre\bin"/>
    <property name="java.vm.version" value="14.3-b01"/>
    <property name="java.vm.vendor" value="Sun Microsystems Inc."/>
    <property name="java.vendor.url" value="http://java.sun.com/"/>
    <property name="path.separator" value=";"/>
    <property name="java.vm.name" value="Java HotSpot(TM) Client VM"/>
    <property name="file.encoding.pkg" value="sun.io"/>
    <property name="user.country" value="US"/>
    <property name="sun.java.launcher" value="SUN_STANDARD"/>
    <property name="sun.os.patch.level" value=""/>
    <property name="java.vm.specification.name" value="Java Virtual Machine Specification"/>
    <property name="user.dir" value="D:\programming\projects\exadel_projects\berkeley\kuali\ks-r2-poc\ks-services-alternative\ks-services-impl"/>
    <property name="java.runtime.version" value="1.6.0_17-b04"/>
    <property name="java.awt.graphicsenv" value="sun.awt.Win32GraphicsEnvironment"/>
    <property name="basedir" value="D:\programming\projects\exadel_projects\berkeley\kuali\ks-r2-poc\ks-services-alternative\ks-services-impl"/>
    <property name="java.endorsed.dirs" value="C:\ProgramFiles\java\jre\lib\endorsed"/>
    <property name="os.arch" value="x86"/>
    <property name="surefire.real.class.path" value="C:\Users\Igor\AppData\Local\Temp\surefirebooter3464033144399468887.jar"/>
    <property name="java.io.tmpdir" value="C:\Users\Igor\AppData\Local\Temp\"/>
    <property name="line.separator" value="
"/>
    <property name="java.vm.specification.vendor" value="Sun Microsystems Inc."/>
    <property name="user.variant" value=""/>
    <property name="os.name" value="Windows 7"/>
    <property name="sun.jnu.encoding" value="Cp1252"/>
    <property name="java.library.path" value="C:\ProgramFiles\java\jre\bin;.;C:\Windows\Sun\Java\bin;C:\Windows\system32;C:\Windows;C:\ProgramFiles\oracle\app\oracle\product\10.2.0\server\bin;C:\Windows\system32;C:\Windows;C:\Windows\System32\Wbem;C:\Windows\System32\WindowsPowerShell\v1.0\;C:\Program Files\Intel\DMIX;c:\Program Files (x86)\ATI Technologies\ATI.ACE\Core-Static;C:\Program Files (x86)\NTRU Cryptosystems\NTRU TCG Software Stack\bin\;C:\Program Files\NTRU Cryptosystems\NTRU TCG Software Stack\bin\;C:\Program Files\Wave Systems Corp\Gemalto\Access Client\v5\;C:\Program Files (x86)\Common Files\Roxio Shared\DLLShared\;C:\Program Files (x86)\Common Files\Roxio Shared\10.0\DLLShared\;d:\ProgramFiles\apache-maven-3.0\bin;C:\Program Files\TortoiseSVN\bin;C:\Program Files\MySQL\MySQL Server 5.1\bin;d:\ProgramFiles\apache-ant-1.7.1\bin;C:\Program Files\TortoiseHg;c:\Program Files (x86)\jprofiler5\bin\windows-x64;C:\ProgramFiles\java\bin;C:\Program Files (x86)\Git\cmd"/>
    <property name="surefire.test.class.path" value="D:\programming\projects\exadel_projects\berkeley\kuali\ks-r2-poc\ks-services-alternative\ks-services-impl\target\test-classes;D:\programming\projects\exadel_projects\berkeley\kuali\ks-r2-poc\ks-services-alternative\ks-services-impl\target\classes;D:\programming\maven\maven_rep\org\kuali\student\core\ks-core-api\1.1.1-SNAPSHOT\ks-core-api-1.1.1-SNAPSHOT.jar;D:\programming\maven\maven_rep\org\kuali\student\common\ks-common-api\1.1.1-SNAPSHOT\ks-common-api-1.1.1-SNAPSHOT.jar;D:\programming\maven\maven_rep\org\kuali\rice\rice-api\1.0.3.1-BX\rice-api-1.0.3.1-BX.jar;D:\programming\maven\maven_rep\commons-lang\commons-lang\2.3\commons-lang-2.3.jar;D:\programming\maven\maven_rep\commons-beanutils\commons-beanutils\1.7.0\commons-beanutils-1.7.0.jar;D:\programming\maven\maven_rep\commons-logging\commons-logging\1.0.3\commons-logging-1.0.3.jar;D:\programming\maven\maven_rep\log4j\log4j\1.2.14\log4j-1.2.14.jar;D:\programming\maven\maven_rep\org\apache\geronimo\specs\geronimo-ws-metadata_2.0_spec\1.1.2\geronimo-ws-metadata_2.0_spec-1.1.2.jar;D:\programming\maven\maven_rep\org\apache\geronimo\specs\geronimo-annotation_1.0_spec\1.1.1\geronimo-annotation_1.0_spec-1.1.1.jar;D:\programming\maven\maven_rep\org\codehaus\btm\btm\2.1.0\btm-2.1.0.jar;D:\programming\maven\maven_rep\org\slf4j\slf4j-log4j12\1.6.0\slf4j-log4j12-1.6.0.jar;D:\programming\maven\maven_rep\org\slf4j\jcl-over-slf4j\1.6.0\jcl-over-slf4j-1.6.0.jar;D:\programming\maven\maven_rep\org\kuali\student\lum\ks-lum-api\1.1.1-SNAPSHOT\ks-lum-api-1.1.1-SNAPSHOT.jar;D:\programming\maven\maven_rep\com\google\code\gwtx\gwtx\1.5.3\gwtx-1.5.3.jar;D:\programming\maven\maven_rep\com\google\gwt\gwt-user\1.5.3\gwt-user-1.5.3.jar;D:\programming\maven\maven_rep\org\kuali\student\common\ks-common-api\1.1.1-SNAPSHOT\ks-common-api-1.1.1-SNAPSHOT-sources.jar;D:\programming\maven\maven_rep\org\kuali\student\common\ks-common-util\1.1.1-SNAPSHOT\ks-common-util-1.1.1-SNAPSHOT.jar;D:\programming\maven\maven_rep\javax\persistence\persistence-api\1.0\persistence-api-1.0.jar;D:\programming\maven\maven_rep\net\sf\ehcache\ehcache\1.4.1\ehcache-1.4.1.jar;D:\programming\maven\maven_rep\net\sf\jsr107cache\jsr107cache\1.0\jsr107cache-1.0.jar;D:\programming\maven\maven_rep\backport-util-concurrent\backport-util-concurrent\3.1\backport-util-concurrent-3.1.jar;D:\programming\maven\maven_rep\org\slf4j\slf4j-api\1.6.0\slf4j-api-1.6.0.jar;D:\programming\maven\maven_rep\org\springframework\spring-core\2.5.6\spring-core-2.5.6.jar;D:\programming\maven\maven_rep\org\springframework\spring-aop\2.5.6\spring-aop-2.5.6.jar;D:\programming\maven\maven_rep\aopalliance\aopalliance\1.0\aopalliance-1.0.jar;D:\programming\maven\maven_rep\org\springframework\spring-beans\2.5.6\spring-beans-2.5.6.jar;D:\programming\maven\maven_rep\org\springframework\spring-orm\2.5.6\spring-orm-2.5.6.jar;D:\programming\maven\maven_rep\org\springframework\spring-context\2.5.6\spring-context-2.5.6.jar;D:\programming\maven\maven_rep\org\springframework\spring-tx\2.5.6\spring-tx-2.5.6.jar;D:\programming\maven\maven_rep\org\springframework\spring-webmvc\2.5.6\spring-webmvc-2.5.6.jar;D:\programming\maven\maven_rep\org\springframework\spring-context-support\2.5.6\spring-context-support-2.5.6.jar;D:\programming\maven\maven_rep\org\springframework\spring-web\2.5.6\spring-web-2.5.6.jar;D:\programming\maven\maven_rep\org\aspectj\aspectjrt\1.5.4\aspectjrt-1.5.4.jar;D:\programming\maven\maven_rep\org\apache\velocity\velocity-tools\2.0\velocity-tools-2.0.jar;D:\programming\maven\maven_rep\commons-digester\commons-digester\1.8\commons-digester-1.8.jar;D:\programming\maven\maven_rep\commons-chain\commons-chain\1.1\commons-chain-1.1.jar;D:\programming\maven\maven_rep\commons-validator\commons-validator\1.3.1\commons-validator-1.3.1.jar;D:\programming\maven\maven_rep\oro\oro\2.0.8\oro-2.0.8.jar;D:\programming\maven\maven_rep\sslext\sslext\1.2-0\sslext-1.2-0.jar;D:\programming\maven\maven_rep\org\apache\struts\struts-core\1.3.8\struts-core-1.3.8.jar;D:\programming\maven\maven_rep\org\apache\struts\struts-taglib\1.3.8\struts-taglib-1.3.8.jar;D:\programming\maven\maven_rep\org\apache\struts\struts-tiles\1.3.8\struts-tiles-1.3.8.jar;D:\programming\maven\maven_rep\org\apache\velocity\velocity\1.6.4\velocity-1.6.4.jar;D:\programming\maven\maven_rep\logkit\logkit\2.0\logkit-2.0.jar;D:\programming\maven\maven_rep\org\antlr\antlr-runtime\3.1.1\antlr-runtime-3.1.1.jar;D:\programming\projects\exadel_projects\berkeley\kuali\ks-r2-poc\ks-services-alternative\ks-services-api\target\ks-services-api-0.0.1-SNAPSHOT.jar;D:\programming\maven\maven_rep\junit\junit\4.8.1\junit-4.8.1.jar;D:\programming\maven\maven_rep\org\hibernate\hibernate-entitymanager\3.4.0.GA\hibernate-entitymanager-3.4.0.GA.jar;D:\programming\maven\maven_rep\org\hibernate\ejb3-persistence\1.0.2.GA\ejb3-persistence-1.0.2.GA.jar;D:\programming\maven\maven_rep\org\hibernate\hibernate-commons-annotations\3.1.0.GA\hibernate-commons-annotations-3.1.0.GA.jar;D:\programming\maven\maven_rep\org\hibernate\hibernate-annotations\3.4.0.GA\hibernate-annotations-3.4.0.GA.jar;D:\programming\maven\maven_rep\org\hibernate\hibernate-core\3.3.0.SP1\hibernate-core-3.3.0.SP1.jar;D:\programming\maven\maven_rep\antlr\antlr\2.7.6\antlr-2.7.6.jar;D:\programming\maven\maven_rep\commons-collections\commons-collections\3.1\commons-collections-3.1.jar;D:\programming\maven\maven_rep\dom4j\dom4j\1.6.1\dom4j-1.6.1.jar;D:\programming\maven\maven_rep\xml-apis\xml-apis\1.0.b2\xml-apis-1.0.b2.jar;D:\programming\maven\maven_rep\javax\transaction\jta\1.1\jta-1.1.jar;D:\programming\maven\maven_rep\javassist\javassist\3.4.GA\javassist-3.4.GA.jar;D:\programming\maven\maven_rep\org\hsqldb\hsqldb\2.0.0\hsqldb-2.0.0.jar;"/>
    <property name="java.specification.name" value="Java Platform API Specification"/>
    <property name="java.class.version" value="50.0"/>
    <property name="sun.management.compiler" value="HotSpot Client Compiler"/>
    <property name="os.version" value="6.1"/>
    <property name="user.home" value="C:\Users\Igor"/>
    <property name="user.timezone" value="America/Los_Angeles"/>
    <property name="java.awt.printerjob" value="sun.awt.windows.WPrinterJob"/>
    <property name="java.specification.version" value="1.6"/>
    <property name="file.encoding" value="Cp1252"/>
    <property name="user.name" value="Igor"/>
    <property name="java.class.path" value="D:\programming\projects\exadel_projects\berkeley\kuali\ks-r2-poc\ks-services-alternative\ks-services-impl\target\test-classes;D:\programming\projects\exadel_projects\berkeley\kuali\ks-r2-poc\ks-services-alternative\ks-services-impl\target\classes;D:\programming\maven\maven_rep\org\kuali\student\core\ks-core-api\1.1.1-SNAPSHOT\ks-core-api-1.1.1-SNAPSHOT.jar;D:\programming\maven\maven_rep\org\kuali\student\common\ks-common-api\1.1.1-SNAPSHOT\ks-common-api-1.1.1-SNAPSHOT.jar;D:\programming\maven\maven_rep\org\kuali\rice\rice-api\1.0.3.1-BX\rice-api-1.0.3.1-BX.jar;D:\programming\maven\maven_rep\commons-lang\commons-lang\2.3\commons-lang-2.3.jar;D:\programming\maven\maven_rep\commons-beanutils\commons-beanutils\1.7.0\commons-beanutils-1.7.0.jar;D:\programming\maven\maven_rep\commons-logging\commons-logging\1.0.3\commons-logging-1.0.3.jar;D:\programming\maven\maven_rep\log4j\log4j\1.2.14\log4j-1.2.14.jar;D:\programming\maven\maven_rep\org\apache\geronimo\specs\geronimo-ws-metadata_2.0_spec\1.1.2\geronimo-ws-metadata_2.0_spec-1.1.2.jar;D:\programming\maven\maven_rep\org\apache\geronimo\specs\geronimo-annotation_1.0_spec\1.1.1\geronimo-annotation_1.0_spec-1.1.1.jar;D:\programming\maven\maven_rep\org\codehaus\btm\btm\2.1.0\btm-2.1.0.jar;D:\programming\maven\maven_rep\org\slf4j\slf4j-log4j12\1.6.0\slf4j-log4j12-1.6.0.jar;D:\programming\maven\maven_rep\org\slf4j\jcl-over-slf4j\1.6.0\jcl-over-slf4j-1.6.0.jar;D:\programming\maven\maven_rep\org\kuali\student\lum\ks-lum-api\1.1.1-SNAPSHOT\ks-lum-api-1.1.1-SNAPSHOT.jar;D:\programming\maven\maven_rep\com\google\code\gwtx\gwtx\1.5.3\gwtx-1.5.3.jar;D:\programming\maven\maven_rep\com\google\gwt\gwt-user\1.5.3\gwt-user-1.5.3.jar;D:\programming\maven\maven_rep\org\kuali\student\common\ks-common-api\1.1.1-SNAPSHOT\ks-common-api-1.1.1-SNAPSHOT-sources.jar;D:\programming\maven\maven_rep\org\kuali\student\common\ks-common-util\1.1.1-SNAPSHOT\ks-common-util-1.1.1-SNAPSHOT.jar;D:\programming\maven\maven_rep\javax\persistence\persistence-api\1.0\persistence-api-1.0.jar;D:\programming\maven\maven_rep\net\sf\ehcache\ehcache\1.4.1\ehcache-1.4.1.jar;D:\programming\maven\maven_rep\net\sf\jsr107cache\jsr107cache\1.0\jsr107cache-1.0.jar;D:\programming\maven\maven_rep\backport-util-concurrent\backport-util-concurrent\3.1\backport-util-concurrent-3.1.jar;D:\programming\maven\maven_rep\org\slf4j\slf4j-api\1.6.0\slf4j-api-1.6.0.jar;D:\programming\maven\maven_rep\org\springframework\spring-core\2.5.6\spring-core-2.5.6.jar;D:\programming\maven\maven_rep\org\springframework\spring-aop\2.5.6\spring-aop-2.5.6.jar;D:\programming\maven\maven_rep\aopalliance\aopalliance\1.0\aopalliance-1.0.jar;D:\programming\maven\maven_rep\org\springframework\spring-beans\2.5.6\spring-beans-2.5.6.jar;D:\programming\maven\maven_rep\org\springframework\spring-orm\2.5.6\spring-orm-2.5.6.jar;D:\programming\maven\maven_rep\org\springframework\spring-context\2.5.6\spring-context-2.5.6.jar;D:\programming\maven\maven_rep\org\springframework\spring-tx\2.5.6\spring-tx-2.5.6.jar;D:\programming\maven\maven_rep\org\springframework\spring-webmvc\2.5.6\spring-webmvc-2.5.6.jar;D:\programming\maven\maven_rep\org\springframework\spring-context-support\2.5.6\spring-context-support-2.5.6.jar;D:\programming\maven\maven_rep\org\springframework\spring-web\2.5.6\spring-web-2.5.6.jar;D:\programming\maven\maven_rep\org\aspectj\aspectjrt\1.5.4\aspectjrt-1.5.4.jar;D:\programming\maven\maven_rep\org\apache\velocity\velocity-tools\2.0\velocity-tools-2.0.jar;D:\programming\maven\maven_rep\commons-digester\commons-digester\1.8\commons-digester-1.8.jar;D:\programming\maven\maven_rep\commons-chain\commons-chain\1.1\commons-chain-1.1.jar;D:\programming\maven\maven_rep\commons-validator\commons-validator\1.3.1\commons-validator-1.3.1.jar;D:\programming\maven\maven_rep\oro\oro\2.0.8\oro-2.0.8.jar;D:\programming\maven\maven_rep\sslext\sslext\1.2-0\sslext-1.2-0.jar;D:\programming\maven\maven_rep\org\apache\struts\struts-core\1.3.8\struts-core-1.3.8.jar;D:\programming\maven\maven_rep\org\apache\struts\struts-taglib\1.3.8\struts-taglib-1.3.8.jar;D:\programming\maven\maven_rep\org\apache\struts\struts-tiles\1.3.8\struts-tiles-1.3.8.jar;D:\programming\maven\maven_rep\org\apache\velocity\velocity\1.6.4\velocity-1.6.4.jar;D:\programming\maven\maven_rep\logkit\logkit\2.0\logkit-2.0.jar;D:\programming\maven\maven_rep\org\antlr\antlr-runtime\3.1.1\antlr-runtime-3.1.1.jar;D:\programming\projects\exadel_projects\berkeley\kuali\ks-r2-poc\ks-services-alternative\ks-services-api\target\ks-services-api-0.0.1-SNAPSHOT.jar;D:\programming\maven\maven_rep\junit\junit\4.8.1\junit-4.8.1.jar;D:\programming\maven\maven_rep\org\hibernate\hibernate-entitymanager\3.4.0.GA\hibernate-entitymanager-3.4.0.GA.jar;D:\programming\maven\maven_rep\org\hibernate\ejb3-persistence\1.0.2.GA\ejb3-persistence-1.0.2.GA.jar;D:\programming\maven\maven_rep\org\hibernate\hibernate-commons-annotations\3.1.0.GA\hibernate-commons-annotations-3.1.0.GA.jar;D:\programming\maven\maven_rep\org\hibernate\hibernate-annotations\3.4.0.GA\hibernate-annotations-3.4.0.GA.jar;D:\programming\maven\maven_rep\org\hibernate\hibernate-core\3.3.0.SP1\hibernate-core-3.3.0.SP1.jar;D:\programming\maven\maven_rep\antlr\antlr\2.7.6\antlr-2.7.6.jar;D:\programming\maven\maven_rep\commons-collections\commons-collections\3.1\commons-collections-3.1.jar;D:\programming\maven\maven_rep\dom4j\dom4j\1.6.1\dom4j-1.6.1.jar;D:\programming\maven\maven_rep\xml-apis\xml-apis\1.0.b2\xml-apis-1.0.b2.jar;D:\programming\maven\maven_rep\javax\transaction\jta\1.1\jta-1.1.jar;D:\programming\maven\maven_rep\javassist\javassist\3.4.GA\javassist-3.4.GA.jar;D:\programming\maven\maven_rep\org\hsqldb\hsqldb\2.0.0\hsqldb-2.0.0.jar;"/>
    <property name="java.vm.specification.version" value="1.0"/>
    <property name="sun.arch.data.model" value="32"/>
    <property name="java.home" value="C:\ProgramFiles\java\jre"/>
    <property name="java.specification.vendor" value="Sun Microsystems Inc."/>
    <property name="user.language" value="en"/>
    <property name="awt.toolkit" value="sun.awt.windows.WToolkit"/>
    <property name="java.vm.info" value="mixed mode, sharing"/>
    <property name="java.version" value="1.6.0_17"/>
    <property name="java.ext.dirs" value="C:\ProgramFiles\java\jre\lib\ext;C:\Windows\Sun\Java\lib\ext"/>
    <property name="sun.boot.class.path" value="C:\ProgramFiles\java\jre\lib\resources.jar;C:\ProgramFiles\java\jre\lib\rt.jar;C:\ProgramFiles\java\jre\lib\sunrsasign.jar;C:\ProgramFiles\java\jre\lib\jsse.jar;C:\ProgramFiles\java\jre\lib\jce.jar;C:\ProgramFiles\java\jre\lib\charsets.jar;C:\ProgramFiles\java\jre\classes"/>
    <property name="java.vendor" value="Sun Microsystems Inc."/>
    <property name="localRepository" value="D:\programming\maven\maven_rep"/>
    <property name="file.separator" value="\"/>
    <property name="java.vendor.url.bug" value="http://java.sun.com/cgi-bin/bugreport.cgi"/>
    <property name="sun.cpu.endian" value="little"/>
    <property name="sun.io.unicode.encoding" value="UnicodeLittle"/>
    <property name="sun.desktop" value="windows"/>
    <property name="sun.cpu.isalist" value="pentium_pro+mmx pentium_pro pentium+mmx pentium i486 i386 i86"/>
  </properties>
  <testcase time="1.126" classname="org.kuali.student.enrollment.lpr.test.LuiPersonRelationServiceTest" name="testFindLuiPersonRelationsForLui">
    <error message="Error creating bean with name &apos;personRelationConverter&apos; defined in class path resource [converters.xml]: Initialization of bean failed; nested exception is org.springframework.beans.TypeMismatchException: Failed to convert property value of type [org.kuali.student.enrollment.lpr.conversion.DynamicAttributeConverter] to required type [org.kuali.student.enrollment.lpr.conversion.Converter] for property &apos;dynamicAttributeConverter&apos;; nested exception is java.lang.IllegalArgumentException: Cannot convert value of type [org.kuali.student.enrollment.lpr.conversion.DynamicAttributeConverter] to required type [org.kuali.student.enrollment.lpr.conversion.Converter] for property &apos;dynamicAttributeConverter&apos;: no matching editors or conversion strategy found" type="org.springframework.beans.factory.BeanCreationException">org.springframework.beans.factory.BeanCreationException: Error creating bean with name &apos;personRelationConverter&apos; defined in class path resource [converters.xml]: Initialization of bean failed; nested exception is org.springframework.beans.TypeMismatchException: Failed to convert property value of type [org.kuali.student.enrollment.lpr.conversion.DynamicAttributeConverter] to required type [org.kuali.student.enrollment.lpr.conversion.Converter] for property &apos;dynamicAttributeConverter&apos;; nested exception is java.lang.IllegalArgumentException: Cannot convert value of type [org.kuali.student.enrollment.lpr.conversion.DynamicAttributeConverter] to required type [org.kuali.student.enrollment.lpr.conversion.Converter] for property &apos;dynamicAttributeConverter&apos;: no matching editors or conversion strategy found
	at org.springframework.beans.factory.support.AbstractAutowireCapableBeanFactory.doCreateBean(AbstractAutowireCapableBeanFactory.java:480)
	at org.springframework.beans.factory.support.AbstractAutowireCapableBeanFactory$1.run(AbstractAutowireCapableBeanFactory.java:409)
	at java.security.AccessController.doPrivileged(Native Method)
	at org.springframework.beans.factory.support.AbstractAutowireCapableBeanFactory.createBean(AbstractAutowireCapableBeanFactory.java:380)
	at org.springframework.beans.factory.support.AbstractBeanFactory$1.getObject(AbstractBeanFactory.java:264)
	at org.springframework.beans.factory.support.DefaultSingletonBeanRegistry.getSingleton(DefaultSingletonBeanRegistry.java:222)
	at org.springframework.beans.factory.support.AbstractBeanFactory.doGetBean(AbstractBeanFactory.java:261)
	at org.springframework.beans.factory.support.AbstractBeanFactory.getBean(AbstractBeanFactory.java:185)
	at org.springframework.beans.factory.support.AbstractBeanFactory.getBean(AbstractBeanFactory.java:164)
	at org.springframework.beans.factory.support.DefaultListableBeanFactory.preInstantiateSingletons(DefaultListableBeanFactory.java:429)
	at org.springframework.context.support.AbstractApplicationContext.finishBeanFactoryInitialization(AbstractApplicationContext.java:728)
	at org.springframework.context.support.AbstractApplicationContext.refresh(AbstractApplicationContext.java:380)
	at org.springframework.context.support.ClassPathXmlApplicationContext.&lt;init&gt;(ClassPathXmlApplicationContext.java:139)
	at org.springframework.context.support.ClassPathXmlApplicationContext.&lt;init&gt;(ClassPathXmlApplicationContext.java:93)
	at org.kuali.student.enrollment.lpr.test.LuiPersonRelationServiceTest.&lt;init&gt;(LuiPersonRelationServiceTest.java:32)
	at sun.reflect.NativeConstructorAccessorImpl.newInstance0(Native Method)
	at sun.reflect.NativeConstructorAccessorImpl.newInstance(NativeConstructorAccessorImpl.java:39)
	at sun.reflect.DelegatingConstructorAccessorImpl.newInstance(DelegatingConstructorAccessorImpl.java:27)
	at java.lang.reflect.Constructor.newInstance(Constructor.java:513)
	at org.junit.runners.BlockJUnit4ClassRunner.createTest(BlockJUnit4ClassRunner.java:202)
	at org.junit.runners.BlockJUnit4ClassRunner$1.runReflectiveCall(BlockJUnit4ClassRunner.java:251)
	at org.junit.internal.runners.model.ReflectiveCallable.run(ReflectiveCallable.java:15)
	at org.junit.runners.BlockJUnit4ClassRunner.methodBlock(BlockJUnit4ClassRunner.java:248)
	at org.junit.runners.BlockJUnit4ClassRunner.runChild(BlockJUnit4ClassRunner.java:76)
	at org.junit.runners.BlockJUnit4ClassRunner.runChild(BlockJUnit4ClassRunner.java:50)
	at org.junit.runners.ParentRunner$3.run(ParentRunner.java:193)
	at org.junit.runners.ParentRunner$1.schedule(ParentRunner.java:52)
	at org.junit.runners.ParentRunner.runChildren(ParentRunner.java:191)
	at org.junit.runners.ParentRunner.access$000(ParentRunner.java:42)
	at org.junit.runners.ParentRunner$2.evaluate(ParentRunner.java:184)
	at org.junit.runners.ParentRunner.run(ParentRunner.java:236)
	at org.apache.maven.surefire.junit4.JUnit4TestSet.execute(JUnit4TestSet.java:62)
	at org.apache.maven.surefire.suite.AbstractDirectoryTestSuite.executeTestSet(AbstractDirectoryTestSuite.java:140)
	at org.apache.maven.surefire.suite.AbstractDirectoryTestSuite.execute(AbstractDirectoryTestSuite.java:127)
	at org.apache.maven.surefire.Surefire.run(Surefire.java:177)
	at sun.reflect.NativeMethodAccessorImpl.invoke0(Native Method)
	at sun.reflect.NativeMethodAccessorImpl.invoke(NativeMethodAccessorImpl.java:39)
	at sun.reflect.DelegatingMethodAccessorImpl.invoke(DelegatingMethodAccessorImpl.java:25)
	at java.lang.reflect.Method.invoke(Method.java:597)
	at org.apache.maven.surefire.booter.SurefireBooter.runSuitesInProcess(SurefireBooter.java:345)
	at org.apache.maven.surefire.booter.SurefireBooter.main(SurefireBooter.java:1009)
Caused by: org.springframework.beans.TypeMismatchException: Failed to convert property value of type [org.kuali.student.enrollment.lpr.conversion.DynamicAttributeConverter] to required type [org.kuali.student.enrollment.lpr.conversion.Converter] for property &apos;dynamicAttributeConverter&apos;; nested exception is java.lang.IllegalArgumentException: Cannot convert value of type [org.kuali.student.enrollment.lpr.conversion.DynamicAttributeConverter] to required type [org.kuali.student.enrollment.lpr.conversion.Converter] for property &apos;dynamicAttributeConverter&apos;: no matching editors or conversion strategy found
	at org.springframework.beans.BeanWrapperImpl.convertForProperty(BeanWrapperImpl.java:391)
	at org.springframework.beans.factory.support.AbstractAutowireCapableBeanFactory.convertForProperty(AbstractAutowireCapableBeanFactory.java:1289)
	at org.springframework.beans.factory.support.AbstractAutowireCapableBeanFactory.applyPropertyValues(AbstractAutowireCapableBeanFactory.java:1250)
	at org.springframework.beans.factory.support.AbstractAutowireCapableBeanFactory.populateBean(AbstractAutowireCapableBeanFactory.java:1010)
	at org.springframework.beans.factory.support.AbstractAutowireCapableBeanFactory.doCreateBean(AbstractAutowireCapableBeanFactory.java:472)
	... 40 more
Caused by: java.lang.IllegalArgumentException: Cannot convert value of type [org.kuali.student.enrollment.lpr.conversion.DynamicAttributeConverter] to required type [org.kuali.student.enrollment.lpr.conversion.Converter] for property &apos;dynamicAttributeConverter&apos;: no matching editors or conversion strategy found
	at org.springframework.beans.TypeConverterDelegate.convertIfNecessary(TypeConverterDelegate.java:231)
	at org.springframework.beans.TypeConverterDelegate.convertIfNecessary(TypeConverterDelegate.java:138)
	at org.springframework.beans.BeanWrapperImpl.convertForProperty(BeanWrapperImpl.java:386)
	... 44 more
</error>
    <system-out>INFO [main] (org.springframework.context.support.ClassPathXmlApplicationContext) - Refreshing org.springframework.context.support.ClassPathXmlApplicationContext@1dff3a2: display name [org.springframework.context.support.ClassPathXmlApplicationContext@1dff3a2]; startup date [Thu Mar 10 12:27:13 PST 2011]; root of context hierarchy
INFO [main] (org.springframework.beans.factory.xml.XmlBeanDefinitionReader) - Loading XML bean definitions from class path resource [test.xml]
INFO [main] (org.springframework.beans.factory.xml.XmlBeanDefinitionReader) - Loading XML bean definitions from class path resource [services.xml]
INFO [main] (org.springframework.beans.factory.xml.XmlBeanDefinitionReader) - Loading XML bean definitions from class path resource [dao.xml]
INFO [main] (org.springframework.beans.factory.xml.XmlBeanDefinitionReader) - Loading XML bean definitions from class path resource [converters.xml]
INFO [main] (org.springframework.context.support.ClassPathXmlApplicationContext) - Bean factory for application context [org.springframework.context.support.ClassPathXmlApplicationContext@1dff3a2]: org.springframework.beans.factory.support.DefaultListableBeanFactory@1865b28
INFO [main] (org.springframework.beans.factory.support.DefaultListableBeanFactory) - Pre-instantiating singletons in org.springframework.beans.factory.support.DefaultListableBeanFactory@1865b28: defining beans [entityManagerFactory,luiPersonRelationDao,personRelationConverter,dynamicAttributesConverter,personRelationTypeConverter,personRelationStateConverter,luiPersonRelationService,dataLoader]; root of factory hierarchy
INFO [main] (org.springframework.orm.jpa.LocalEntityManagerFactoryBean) - Building JPA EntityManagerFactory for persistence unit &apos;persistentUnit&apos;
INFO [main] (org.hibernate.cfg.annotations.Version) - Hibernate Annotations 3.4.0.GA
INFO [main] (org.hibernate.cfg.Environment) - Hibernate 3.3.0.SP1
INFO [main] (org.hibernate.cfg.Environment) - hibernate.properties not found
INFO [main] (org.hibernate.cfg.Environment) - Bytecode provider name : javassist
INFO [main] (org.hibernate.cfg.Environment) - using JDK 1.4 java.sql.Timestamp handling
INFO [main] (org.hibernate.annotations.common.Version) - Hibernate Commons Annotations 3.1.0.GA
INFO [main] (org.hibernate.ejb.Version) - Hibernate EntityManager 3.4.0.GA
INFO [main] (org.hibernate.cfg.AnnotationBinder) - Binding entity from annotated class: org.kuali.student.enrollment.lpr.model.DynamicAttribute
INFO [main] (org.hibernate.cfg.annotations.EntityBinder) - Bind entity org.kuali.student.enrollment.lpr.model.DynamicAttribute on table DynamicAttribute
INFO [main] (org.hibernate.cfg.AnnotationBinder) - Binding entity from annotated class: org.kuali.student.enrollment.lpr.model.LuiPersonRelation
INFO [main] (org.hibernate.cfg.annotations.EntityBinder) - Bind entity org.kuali.student.enrollment.lpr.model.LuiPersonRelation on table LuiPersonRelation
INFO [main] (org.hibernate.cfg.AnnotationBinder) - Binding entity from annotated class: org.kuali.student.enrollment.lpr.model.LuiPersonRelationState
INFO [main] (org.hibernate.cfg.annotations.EntityBinder) - Bind entity org.kuali.student.enrollment.lpr.model.LuiPersonRelationState on table LuiPersonRelationState
INFO [main] (org.hibernate.cfg.AnnotationBinder) - Binding entity from annotated class: org.kuali.student.enrollment.lpr.model.LuiPersonRelationType
INFO [main] (org.hibernate.cfg.annotations.EntityBinder) - Bind entity org.kuali.student.enrollment.lpr.model.LuiPersonRelationType on table LuiPersonRelationType
INFO [main] (org.hibernate.cfg.annotations.CollectionBinder) - Mapping collection: org.kuali.student.enrollment.lpr.model.LuiPersonRelation.dynamicAttributes -&gt; DynamicAttribute
INFO [main] (org.hibernate.cfg.AnnotationConfiguration) - Hibernate Validator not found: ignoring
INFO [main] (org.hibernate.cfg.search.HibernateSearchEventListenerRegister) - Unable to find org.hibernate.search.event.FullTextIndexEventListener on the classpath. Hibernate Search is not enabled.
INFO [main] (org.hibernate.connection.DriverManagerConnectionProvider) - Using Hibernate built-in connection pool (not for production use!)
INFO [main] (org.hibernate.connection.DriverManagerConnectionProvider) - Hibernate connection pool size: 2
INFO [main] (org.hibernate.connection.DriverManagerConnectionProvider) - autocommit mode: true
INFO [main] (org.hibernate.connection.DriverManagerConnectionProvider) - using driver: org.hsqldb.jdbcDriver at URL: jdbc:hsqldb:mem:test
INFO [main] (org.hibernate.connection.DriverManagerConnectionProvider) - connection properties: {user=sa, password=****, autocommit=true, release_mode=auto}
INFO [main] (org.hibernate.cfg.SettingsFactory) - RDBMS: HSQL Database Engine, version: 2.0.0
INFO [main] (org.hibernate.cfg.SettingsFactory) - JDBC driver: HSQL Database Engine Driver, version: 2.0.0
INFO [main] (org.hibernate.dialect.Dialect) - Using dialect: org.hibernate.dialect.HSQLDialect
INFO [main] (org.hibernate.transaction.TransactionFactoryFactory) - Transaction strategy: org.hibernate.transaction.JDBCTransactionFactory
INFO [main] (org.hibernate.transaction.TransactionManagerLookupFactory) - No TransactionManagerLookup configured (in JTA environment, use of read-write or transactional second-level cache is not recommended)
INFO [main] (org.hibernate.cfg.SettingsFactory) - Automatic flush during beforeCompletion(): disabled
INFO [main] (org.hibernate.cfg.SettingsFactory) - Automatic session close at end of transaction: disabled
INFO [main] (org.hibernate.cfg.SettingsFactory) - JDBC batch size: 15
INFO [main] (org.hibernate.cfg.SettingsFactory) - JDBC batch updates for versioned data: disabled
INFO [main] (org.hibernate.cfg.SettingsFactory) - Scrollable result sets: enabled
INFO [main] (org.hibernate.cfg.SettingsFactory) - JDBC3 getGeneratedKeys(): enabled
INFO [main] (org.hibernate.cfg.SettingsFactory) - Connection release mode: auto
INFO [main] (org.hibernate.cfg.SettingsFactory) - Default batch fetch size: 1
INFO [main] (org.hibernate.cfg.SettingsFactory) - Generate SQL with comments: disabled
INFO [main] (org.hibernate.cfg.SettingsFactory) - Order SQL updates by primary key: disabled
INFO [main] (org.hibernate.cfg.SettingsFactory) - Order SQL inserts for batching: disabled
INFO [main] (org.hibernate.cfg.SettingsFactory) - Query translator: org.hibernate.hql.ast.ASTQueryTranslatorFactory
INFO [main] (org.hibernate.hql.ast.ASTQueryTranslatorFactory) - Using ASTQueryTranslatorFactory
INFO [main] (org.hibernate.cfg.SettingsFactory) - Query language substitutions: {}
INFO [main] (org.hibernate.cfg.SettingsFactory) - JPA-QL strict compliance: enabled
INFO [main] (org.hibernate.cfg.SettingsFactory) - Second-level cache: enabled
INFO [main] (org.hibernate.cfg.SettingsFactory) - Query cache: disabled
INFO [main] (org.hibernate.cfg.SettingsFactory) - Cache region factory : org.hibernate.cache.impl.NoCachingRegionFactory
INFO [main] (org.hibernate.cfg.SettingsFactory) - Optimize cache for minimal puts: disabled
INFO [main] (org.hibernate.cfg.SettingsFactory) - Structured second-level cache entries: disabled
INFO [main] (org.hibernate.cfg.SettingsFactory) - Statistics: disabled
INFO [main] (org.hibernate.cfg.SettingsFactory) - Deleted entity synthetic identifier rollback: disabled
INFO [main] (org.hibernate.cfg.SettingsFactory) - Default entity-mode: pojo
INFO [main] (org.hibernate.cfg.SettingsFactory) - Named query checking : enabled
INFO [main] (org.hibernate.impl.SessionFactoryImpl) - building session factory
INFO [main] (org.hibernate.impl.SessionFactoryObjectFactory) - Not binding factory to JNDI, no JNDI name configured
INFO [main] (org.hibernate.tool.hbm2ddl.SchemaExport) - Running hbm2ddl schema export
INFO [main] (org.hibernate.tool.hbm2ddl.SchemaExport) - exporting generated schema to database
INFO [main] (org.hibernate.tool.hbm2ddl.SchemaExport) - schema export complete
INFO [main] (org.springframework.beans.factory.support.DefaultListableBeanFactory) - Destroying singletons in org.springframework.beans.factory.support.DefaultListableBeanFactory@1865b28: defining beans [entityManagerFactory,luiPersonRelationDao,personRelationConverter,dynamicAttributesConverter,personRelationTypeConverter,personRelationStateConverter,luiPersonRelationService,dataLoader]; root of factory hierarchy
INFO [main] (org.springframework.orm.jpa.LocalEntityManagerFactoryBean) - Closing JPA EntityManagerFactory for persistence unit &apos;persistentUnit&apos;
INFO [main] (org.hibernate.impl.SessionFactoryImpl) - closing
INFO [main] (org.hibernate.connection.DriverManagerConnectionProvider) - cleaning up connection pool: jdbc:hsqldb:mem:test
</system-out>
  </testcase>
</testsuite>