<?xml version="1.0" encoding="UTF-8"?>
<beans xmlns="http://www.springframework.org/schema/beans"
	xmlns:xsi="http://www.w3.org/2001/XMLSchema-instance" xmlns:aop="http://www.springframework.org/schema/aop"
	xsi:schemaLocation="
          http://www.springframework.org/schema/aop http://www.springframework.org/schema/aop/spring-aop-2.5.xsd
		  http://www.springframework.org/schema/beans http://www.springframework.org/schema/beans/spring-beans-2.5.xsd">

	<bean id="methodCacheAdvisor"
		class="org.kuali.student.common.test.spring.IdToObjectEhcacheAdvice">
		<property name="cacheName" value="defaultCache" />
	</bean>

	<aop:config>
		<aop:aspect id="aroundServiceCall" ref="methodCacheAdvisor">
			<aop:around
				pointcut="execution(* org.kuali.student.common_test_tester.support.MyService.find*(..))"
				method="getFromCache" />
			<aop:around
				pointcut="execution(* org.kuali.student.common_test_tester.support.MyService.update*(..))"
				method="invalidateCache" />
		</aop:aspect>
	</aop:config>

	<bean id="myClass" class="org.kuali.student.common_test_tester.support.SomeClass"
		>
		<property name="number">
			<value>12</value>
		</property>
	</bean>
</beans>