<?xml version="1.0" encoding="UTF-8"?>
<ks-service-iterations-test name="LuServicesLoadTest" thread-count="10" >
    <service-node hostname="kuali.berkeley.edu" port="8080">
        <service-wsdl-uri value = "ks-lum/services">
        <!--  
            <service name="LuService">
                <operation name="getClu" iterations="10">
                    <parameter name="forDocumentation" value="'CLU-1'" />
                </operation>
            </service>
            -->
            <service name="TranslationService">
                <operation name="getNaturalLanguageForReqComponentInfo" iterations="10">
                    <parameter name="componentInfo" type="bean" 
                        class="org.kuali.student.lum.nlt.ReqComponentInfo" >
                       <property name="reqCompField" type="list" 
                        class="org.kuali.student.lum.nlt.ReqCompFieldInfo" >
                          <list-entry>
                             <property-map>
                              [key: "'reqCompFieldType.requiredCount'", value: "'1'"]
                             </property-map>
                          </list-entry>
                       </property>
                    </parameter>
                    <parameter name="forDocumentation" value="'REQCOMP-NL-1'" />
                    <parameter name="forDoc" value = "'KUALI-CATALOG'" />
                    <paramneter name = "forDoc" value = "'en'" />
                </operation>
            </service>
        </service-wsdl-uri>
        
    </service-node>
</ks-service-iterations-test>