<?xml version="1.0" encoding="UTF-8"?>
<beans xmlns="http://www.springframework.org/schema/beans"
	xmlns:xsi="http://www.w3.org/2001/XMLSchema-instance"
	xsi:schemaLocation="http://www.springframework.org/schema/beans http://www.springframework.org/schema/beans/spring-beans-2.5.xsd">
	<bean id="persistList"
		class="org.springframework.beans.factory.config.ListFactoryBean">
		<property name="sourceList">
			<list>
				<ref bean="atp1" />
				<ref bean="atpStart" />
				<ref bean="atpEnd" />
				<ref bean="luType1" />
				<ref bean="clu1" />
				<ref bean="clu2" />
				<ref bean="lui1" />
				<ref bean="lui2" />
				<ref bean="luRelationType1" />
				<ref bean="luRelationType2" />
				<ref bean="luRelationType3" />
				<ref bean="luRelationType4" />
				<ref bean="luiRelation1" />
				<ref bean="cluRelation1" />
				<ref bean="cluSet1" />
				<ref bean="cluSet2" />
				<ref bean="cluSet3" />
				<ref bean="luType2" />
			</list>
		</property>
	</bean>
	<bean id="atp1"
		class="edu.umd.ks.poc.lum.lu.entity.Atp">
		<property name="atpId"
			value="11223344-1122-1122-1111-000000000000" />
		<property name="atpName" value="Atp Number One" />
	</bean>
	<bean id="atpStart"
		class="edu.umd.ks.poc.lum.lu.entity.Atp">
		<property name="atpId"
			value="11223344-1122-1122-1111-000000000001" />
		<property name="atpName" value="Atp Start" />
	</bean>
	<bean id="atpEnd"
		class="edu.umd.ks.poc.lum.lu.entity.Atp">
		<property name="atpId"
			value="11223344-1122-1122-1111-000000000002" />
		<property name="atpName" value="Atp End" />
	</bean>
	<bean id="currentTime" class="java.util.Date" />
	<bean id="luType1"
		class="edu.umd.ks.poc.lum.lu.entity.LuType">
		<property name="luTypeId"
			value="11223344-1122-1122-1111-000000000003" />
		<property name="createTime" ref="currentTime" />
		<property name="createUserComment" value="Created" />
		<property name="createUserId" value="USER-12345" />
		<property name="updateTime" ref="currentTime" />
		<property name="updateUserComment" value="Created" />
		<property name="updateUserId" value="USER-12345" />
		<property name="luAttributeTypes">
			<set>
				<ref bean="luAttrTyp1" />
			</set>
		</property>
		<property name="allowedLuRelationTypes">
			<set>
				<ref bean="luRelationType1" />
				<ref bean="luRelationType2" />
				<ref bean="luRelationType3" />
			</set>
		</property>
	</bean>
	<bean id="luAttrTyp1"
		class="edu.umd.ks.poc.lum.lu.entity.LuAttributeType">
		<property name="id"
			value="11223344-1122-1122-1111-000000000004" />
		<property name="name" value="Attribute Type One" />
		<property name="luTypes">
			<set>
				<ref bean="luType1" />
			</set>
		</property>
	</bean>
	<bean id="clu1"
		class="edu.umd.ks.poc.lum.lu.entity.Clu">
		<property name="cluId"
			value="11223344-1122-1122-1111-000000000005" />
		<property name="attributes">
			<set>
				<bean
					class="edu.umd.ks.poc.lum.lu.entity.CluAttribute">
					<property name="luAttributeType" ref="luAttrTyp1" />
					<property name="values">
						<list>
							<value>Attr VALUE 1</value>
						</list>
					</property>
					<property name="clu" ref="clu1" />
				</bean>
			</set>
		</property>
		<property name="effectiveStartCycle" ref="atpStart" />
		<property name="effectiveEndCycle" ref="atpEnd" />
		<property name="effectiveStartDate" ref="currentTime" />
		<property name="effectiveEndDate" ref="currentTime" />
		<property name="cluLongName" value="Clu code 111234" />
		<property name="cluShortName" value="Premade Clu Short Title" />
		<property name="description" value="PreMade CLU DESCRIPTION" />
		<property name="luType" ref="luType1" />
	</bean>
	<bean id="clu2"
		class="edu.umd.ks.poc.lum.lu.entity.Clu">
		<property name="cluId"
			value="11223344-1122-1122-1111-000000000006" />
		<property name="attributes">
			<set>
				<bean
					class="edu.umd.ks.poc.lum.lu.entity.CluAttribute">
					<property name="luAttributeType" ref="luAttrTyp1" />
					<property name="values">
						<list>
							<value>Attr VALUE 2</value>
						</list>
					</property>
					<property name="clu" ref="clu1" />
				</bean>
			</set>
		</property>
		<property name="effectiveStartCycle" ref="atpStart" />
		<property name="effectiveEndCycle" ref="atpEnd" />
		<property name="effectiveStartDate" ref="currentTime" />
		<property name="effectiveEndDate" ref="currentTime" />
		<property name="cluLongName" value="Clu code 234234" />
		<property name="cluShortName" value="Premade Clu2 Short Title" />
		<property name="description" value="PreMade CLU2 DESCRIPTION" />
		<property name="luType" ref="luType1" />
	</bean>
	<bean id="lui1"
		class="edu.umd.ks.poc.lum.lu.entity.Lui">
		<property name="luiId"
			value="11223344-1122-1122-1111-000000000007" />
		<property name="atp" ref="atp1" />
		<property name="clu" ref="clu1" />
		<property name="luiCode" value="Premade Lui1 Code" />
		<property name="maxSeats" value="21" />
		<property name="attributes">
			<set>
				<bean
					class="edu.umd.ks.poc.lum.lu.entity.LuiAttribute">
					<property name="luAttributeType" ref="luAttrTyp1" />
					<property name="values">
						<list>
							<value>LUI Specific value</value>
						</list>
					</property>
					<property name="lui" ref="lui1" />
				</bean>
			</set>
		</property>
	</bean>
	<bean id="lui2"
		class="edu.umd.ks.poc.lum.lu.entity.Lui">
		<property name="luiId"
			value="11223344-1122-1122-1111-000000000008" />
		<property name="atp" ref="atp1" />
		<property name="clu" ref="clu2" />
		<property name="luiCode" value="Premade Lui2 Code" />
		<property name="maxSeats" value="11" />
	</bean>
	<bean id="luRelationType1"
		class="edu.umd.ks.poc.lum.lu.entity.LuRelationType">
		<property name="id"
			value="11223344-1122-1122-1111-000000000009" />
		<property name="relation" value="Premade Relation Type1" />
	</bean>


	<bean id="cluRelation1"
		class="edu.umd.ks.poc.lum.lu.entity.CluRelation">
		<property name="id"
			value="11223344-1122-1122-1111-000000000010" />
		<property name="createTime" ref="currentTime" />
		<property name="createUserComment" value="CreateUserComment" />
		<property name="createUserId" value="CreateUserId" />
		<property name="effectiveEndDate" ref="currentTime" />
		<property name="effectiveStartDate" ref="currentTime" />
		<property name="clu" ref="clu1" />
		<property name="luRelationType" ref="luRelationType1" />
		<property name="relatedClu" ref="clu2" />
		<property name="updateTime" ref="currentTime" />
		<property name="updateUserComment" value="UpdateUserComment" />
		<property name="updateUserId" value="UpdateUserId" />
	</bean>

	<bean id="luiRelation1"
		class="edu.umd.ks.poc.lum.lu.entity.LuiRelation">
		<property name="id"
			value="11223344-1122-1122-1111-000000000011" />
		<property name="createTime" ref="currentTime" />
		<property name="createUserComment" value="CreateUserComment" />
		<property name="createUserId" value="CreateUserId" />
		<property name="effectiveEndDate" ref="currentTime" />
		<property name="effectiveStartDate" ref="currentTime" />
		<property name="lui" ref="lui1" />
		<property name="luRelationType" ref="luRelationType1" />
		<property name="relatedLui" ref="lui2" />
		<property name="updateTime" ref="currentTime" />
		<property name="updateUserComment" value="UpdateUserComment" />
		<property name="updateUserId" value="UpdateUserId" />
	</bean>

	<bean id="cluSet1"
		class="edu.umd.ks.poc.lum.lu.entity.CluSet">
		<property name="cluSetId"
			value="11223344-1122-1122-1111-000000000012" />
		<property name="cluCriteria" ref="cluCrit1"/>
		<property name="cluSetName" value="Premade Set Number 1" />
		<property name="description" value="Premade Set1 Description" />
		<property name="effectiveEndDate" ref="currentTime" />
		<property name="effectiveStartDate" ref="currentTime" />
		<property name="cluList">
			<list>
				<ref bean="clu1" />
			</list>
		</property>
	</bean>

	<bean id="cluSet2"
		class="edu.umd.ks.poc.lum.lu.entity.CluSet">
		<property name="cluSetId"
			value="11223344-1122-1122-1111-000000000013" />
		<property name="cluSetName" value="Premade Set Number 2" />
		<property name="description" value="Premade Set2 Description" />
		<property name="effectiveEndDate" ref="currentTime" />
		<property name="effectiveStartDate" ref="currentTime" />
		<property name="cluList">
			<list>
				<ref bean="clu2" />
			</list>
		</property>
		<property name="cluSetList">
			<list>
				<ref bean="cluSet1" />
			</list>
		</property>
	</bean>

	<bean id="luType2"
		class="edu.umd.ks.poc.lum.lu.entity.LuType">
		<property name="luTypeId"
			value="11223344-1122-1122-1111-000000000014" />
		<property name="createTime" ref="currentTime" />
		<property name="createUserComment" value="Created" />
		<property name="createUserId" value="USER-12345" />
		<property name="updateTime" ref="currentTime" />
		<property name="updateUserComment" value="Created" />
		<property name="updateUserId" value="USER-12345" />
		<property name="luAttributeTypes">
			<set>
				<ref bean="luAttrTyp2" />
				<ref bean="luAttrTyp3" />
			</set>
		</property>
		<property name="allowedLuRelationTypes">
			<set>
				<ref bean="luRelationType2" />
				<ref bean="luRelationType3" />
				<ref bean="luRelationType4" />
			</set>
		</property>
	</bean>
	<bean id="luAttrTyp2"
		class="edu.umd.ks.poc.lum.lu.entity.LuAttributeType">
		<property name="id"
			value="11223344-1122-1122-1111-000000000015" />
		<property name="name" value="Attribute Type Two" />
		<property name="luTypes">
			<set>
				<ref bean="luType2" />
			</set>
		</property>
	</bean>
	<bean id="luAttrTyp3"
		class="edu.umd.ks.poc.lum.lu.entity.LuAttributeType">
		<property name="id"
			value="11223344-1122-1122-1111-000000000016" />
		<property name="name" value="Attribute Type Three" />
		<property name="luTypes">
			<set>
				<ref bean="luType2" />
			</set>
		</property>
	</bean>
	<bean id="luRelationType2"
		class="edu.umd.ks.poc.lum.lu.entity.LuRelationType">
		<property name="id"
			value="11223344-1122-1122-1111-000000000017" />
		<property name="relation" value="Premade Relation Type2" />
	</bean>
	<bean id="luRelationType3"
		class="edu.umd.ks.poc.lum.lu.entity.LuRelationType">
		<property name="id"
			value="11223344-1122-1122-1111-000000000018" />
		<property name="relation" value="Premade Relation Type3" />
	</bean>
	<bean id="luRelationType4"
		class="edu.umd.ks.poc.lum.lu.entity.LuRelationType">
		<property name="id"
			value="11223344-1122-1122-1111-000000000019" />
		<property name="relation" value="Premade Relation Type4" />
	</bean>
	<bean id="cluCrit1"
		class="edu.umd.ks.poc.lum.lu.entity.CluCrit">
		<property name="luTypeKey"
			value="11223344-1122-1122-1111-000000000014" />
		<property name="searchKeyValues">
			<set>
				<bean
					class="edu.umd.ks.poc.lum.lu.entity.SearchKeyValue">
					<property name="keyName" value="Key1" />
					<property name="value" value="Value1" />
					<property name="cluCrit" ref="cluCrit1" />
				</bean>
				<bean
					class="edu.umd.ks.poc.lum.lu.entity.SearchKeyValue">
					<property name="keyName" value="Key2" />
					<property name="value" value="Value2" />
					<property name="cluCrit" ref="cluCrit1" />
				</bean>
			</set>
		</property>
		<property name="cluSet" ref="cluSet1" />
	</bean>
	<bean id="cluSet3"
		class="edu.umd.ks.poc.lum.lu.entity.CluSet">
		<property name="cluSetId"
			value="11223344-1122-1122-1111-000000000020" />
		<property name="cluSetName" value="Premade Set Number 3" />
		<property name="description" value="Premade Set3 Description" />
		<property name="effectiveEndDate" ref="currentTime" />
		<property name="effectiveStartDate" ref="currentTime" />
	</bean>
</beans>