<?xml version="1.0" encoding="UTF-8" ?>
<testsuite failures="0" time="0.084" errors="0" skipped="0" tests="4" name="com.eviware.soapui.maven2.URLUtilTest">
  <properties>
    <property name="java.runtime.name" value="Java(TM) SE Runtime Environment"/>
    <property name="sun.boot.library.path" value="C:\Java\jdk1.6.0_16\jre\bin"/>
    <property name="java.vm.version" value="14.2-b01"/>
    <property name="java.vm.vendor" value="Sun Microsystems Inc."/>
    <property name="java.vendor.url" value="http://java.sun.com/"/>
    <property name="path.separator" value=";"/>
    <property name="java.vm.name" value="Java HotSpot(TM) Client VM"/>
    <property name="file.encoding.pkg" value="sun.io"/>
    <property name="user.country" value="US"/>
    <property name="sun.java.launcher" value="SUN_STANDARD"/>
    <property name="sun.os.patch.level" value="Service Pack 1"/>
    <property name="java.vm.specification.name" value="Java Virtual Machine Specification"/>
    <property name="user.dir" value="C:\workspace-jee-3\maven-soapui-plugin"/>
    <property name="java.runtime.version" value="1.6.0_16-b01"/>
    <property name="java.awt.graphicsenv" value="sun.awt.Win32GraphicsEnvironment"/>
    <property name="basedir" value="C:\workspace-jee-3\maven-soapui-plugin"/>
    <property name="java.endorsed.dirs" value="C:\Java\jdk1.6.0_16\jre\lib\endorsed"/>
    <property name="os.arch" value="x86"/>
    <property name="surefire.real.class.path" value="C:\Users\jcaddel2\AppData\Local\Temp\surefirebooter8843840711167342583.jar"/>
    <property name="java.io.tmpdir" value="C:\Users\jcaddel2\AppData\Local\Temp\"/>
    <property name="line.separator" value="
"/>
    <property name="java.vm.specification.vendor" value="Sun Microsystems Inc."/>
    <property name="user.variant" value=""/>
    <property name="os.name" value="Windows Vista"/>
    <property name="sun.jnu.encoding" value="Cp1252"/>
    <property name="java.library.path" value="C:\Java\jdk1.6.0_16\jre\bin;.;C:\Windows\Sun\Java\bin;C:\Windows\system32;C:\Windows;C:\Program Files\CollabNet\Subversion Client;C:\oraclexe\app\oracle\product\10.2.0\server\bin;C:\Windows\system32;C:\Windows;C:\Windows\System32\Wbem;C:\Java\jdk1.6.0_16\bin;C:\Program Files\Apache Software Foundation\apache-ant-1.6.5\bin;&quot;C:\Program Files\Apache Software Foundation\apache-maven-3.0-alpha-7&quot;\bin;C:\Program Files\Git\cmd"/>
    <property name="surefire.test.class.path" value="C:\workspace-jee-3\maven-soapui-plugin\target\test-classes;C:\workspace-jee-3\maven-soapui-plugin\target\classes;C:\m2\repository\org\apache\maven\maven-plugin-api\2.0\maven-plugin-api-2.0.jar;C:\m2\repository\fife\rsyntaxtextarea\1.3.4\rsyntaxtextarea-1.3.4.jar;C:\m2\repository\wsdl4j\wsdl4j\1.6.2-fixed\wsdl4j-1.6.2-fixed.jar;C:\m2\repository\junit\junit\4.4\junit-4.4.jar;C:\m2\repository\log4j\log4j\1.2.14\log4j-1.2.14.jar;C:\m2\repository\jgoodies\looks\2.2.0\looks-2.2.0.jar;C:\m2\repository\jgoodies\binding\2.0.1\binding-2.0.1.jar;C:\m2\repository\jgoodies\forms\1.0.7\forms-1.0.7.jar;C:\m2\repository\com\l2fprod\common\l2fprod-common-fontchooser\7.3\l2fprod-common-fontchooser-7.3.jar;C:\m2\repository\com\l2fprod\common\l2fprod-common-shared\6.9.1\l2fprod-common-shared-6.9.1.jar;C:\m2\repository\com\l2fprod\common\l2fprod-common-directorychooser\7.3\l2fprod-common-directorychooser-7.3.jar;C:\m2\repository\swingx\swingx\soapui\swingx-soapui.jar;C:\m2\repository\commons-logging\commons-logging\1.1.1\commons-logging-1.1.1.jar;C:\m2\repository\commons-collections\commons-collections\3.2.1\commons-collections-3.2.1.jar;C:\m2\repository\commons-lang\commons-lang\2.4\commons-lang-2.4.jar;C:\m2\repository\commons-beanutils\commons-beanutils\1.7.0\commons-beanutils-1.7.0.jar;C:\m2\repository\json\json-lib\2.2.2-jdk15\json-lib-2.2.2-jdk15.jar;C:\m2\repository\xom\xom\1.1\xom-1.1.jar;C:\m2\repository\xerces\xmlParserAPIs\2.6.2\xmlParserAPIs-2.6.2.jar;C:\m2\repository\xerces\xercesImpl\2.9.1\xercesImpl-2.9.1.jar;C:\m2\repository\xalan\xalan\2.7.1\xalan-2.7.1.jar;C:\m2\repository\xml-apis\xml-apis\1.3.04\xml-apis-1.3.04.jar;C:\m2\repository\jaxen\jaxen\1.1-beta-8\jaxen-1.1-beta-8.jar;C:\m2\repository\dom4j\dom4j\1.6.1\dom4j-1.6.1.jar;C:\m2\repository\jdom\jdom\1.0\jdom-1.0.jar;C:\m2\repository\ezmorph\ezmorph\1.0.5\ezmorph-1.0.5.jar;C:\m2\repository\commons-httpclient\commons-httpclient\3.1\commons-httpclient-3.1.jar;C:\m2\repository\commons-codec\commons-codec\1.3\commons-codec-1.3.jar;C:\m2\repository\commons-io\commons-io\1.3.2\commons-io-1.3.2.jar;C:\m2\repository\commons-cli\commons-cli\1.0\commons-cli-1.0.jar;C:\m2\repository\xmlbeans\xbean\fixed-2.4.0\xbean-fixed-2.4.0.jar;C:\m2\repository\xmlbeans\xbean_xpath\2.4.0\xbean_xpath-2.4.0.jar;C:\m2\repository\xmlbeans\xmlpublic\2.4.0\xmlpublic-2.4.0.jar;C:\m2\repository\xmlbeans\jsr173\xmlbeans-2.4.0\jsr173-xmlbeans-2.4.0.jar;C:\m2\repository\eviware\soapui-xmlbeans\3.5-beta2\soapui-xmlbeans-3.5-beta2.jar;C:\m2\repository\eviware\policy-xmlbeans\1.5\policy-xmlbeans-1.5.jar;C:\m2\repository\eviware\ext-xmlbeans\1.2\ext-xmlbeans-1.2.jar;C:\m2\repository\eviware\soap-xmlbeans\1.2\soap-xmlbeans-1.2.jar;C:\m2\repository\eviware\wadl-xmlbeans\1.1\wadl-xmlbeans-1.1.jar;C:\m2\repository\eviware\j2ee-xmlbeans\1.4\j2ee-xmlbeans-1.4.jar;C:\m2\repository\eviware\soapui\3.5-beta2\soapui-3.5-beta2.jar;C:\m2\repository\saxon\saxon\9.1.0.8j\saxon-9.1.0.8j.jar;C:\m2\repository\saxon\saxon-dom\9.1.0.8j\saxon-dom-9.1.0.8j.jar;C:\m2\repository\rhino\js\1.7R2\js-1.7R2.jar;C:\m2\repository\groovy\groovy-all\1.7.1\groovy-all-1.7.1.jar;C:\m2\repository\jetty\jetty\6.1.22\jetty-6.1.22.jar;C:\m2\repository\jetty\jetty-util\6.1.22\jetty-util-6.1.22.jar;C:\m2\repository\jetty\servlet-api\2.5-20081211\servlet-api-2.5-20081211.jar;C:\m2\repository\easymock\easymock\2.0\easymock-2.0.jar;C:\m2\repository\commons-jexl\commons-jexl\1.0\commons-jexl-1.0.jar;C:\m2\repository\xmlunit\xmlunit\1.2\xmlunit-1.2.jar;C:\m2\repository\xml-security\xmlsec\1.4.3\xmlsec-1.4.3.jar;C:\m2\repository\net-components\netcomponents\1.3.8a\netcomponents-1.3.8a.jar;C:\m2\repository\opensaml\opensaml\1.1\opensaml-1.1.jar;C:\m2\repository\xalan\serializer\2.7.1\serializer-2.7.1.jar;C:\m2\repository\wss4j\wss4j\1.5.8\wss4j-1.5.8.jar;C:\m2\repository\bouncycastle\bcprov-jdk15\143\bcprov-jdk15-143.jar;C:\m2\repository\jtidy\jtidy\r820\jtidy-r820.jar;C:\m2\repository\commons-ssl\not-yet-commons-ssl\0.3.11\not-yet-commons-ssl-0.3.11.jar;C:\m2\repository\javax\activation\activation\1.1\activation-1.1.jar;C:\m2\repository\javax\mail\mail\1.4\mail-1.4.jar;C:\m2\repository\teamdev\jxbrowser\1.4\jxbrowser-1.4.jar;C:\m2\repository\amf\flex-messaging-common\1.0\flex-messaging-common-1.0.jar;C:\m2\repository\amf\flex-messaging-core\1.0\flex-messaging-core-1.0.jar;C:\m2\repository\amf\flex-messaging-opt\1.0\flex-messaging-opt-1.0.jar;C:\m2\repository\amf\flex-messaging-proxy\1.0\flex-messaging-proxy-1.0.jar;C:\m2\repository\amf\flex-messaging-remoting\1.0\flex-messaging-remoting-1.0.jar;C:\m2\repository\thoughtworks\xstream\1.3.1\xstream-1.3.1.jar;C:\m2\repository\javax\jms\jms\1.1\jms-1.1.jar;C:\m2\repository\hermesjms\hermes\1.14\hermes-1.14.jar;C:\m2\repository\activesoap\jaxb-impl\1.5\jaxb-impl-1.5.jar;"/>
    <property name="java.specification.name" value="Java Platform API Specification"/>
    <property name="java.class.version" value="50.0"/>
    <property name="sun.management.compiler" value="HotSpot Client Compiler"/>
    <property name="os.version" value="6.0"/>
    <property name="user.home" value="C:\Users\jcaddel2"/>
    <property name="user.timezone" value="America/Phoenix"/>
    <property name="java.awt.printerjob" value="sun.awt.windows.WPrinterJob"/>
    <property name="java.specification.version" value="1.6"/>
    <property name="file.encoding" value="Cp1252"/>
    <property name="user.name" value="jcaddel2"/>
    <property name="java.class.path" value="C:\workspace-jee-3\maven-soapui-plugin\target\test-classes;C:\workspace-jee-3\maven-soapui-plugin\target\classes;C:\m2\repository\org\apache\maven\maven-plugin-api\2.0\maven-plugin-api-2.0.jar;C:\m2\repository\fife\rsyntaxtextarea\1.3.4\rsyntaxtextarea-1.3.4.jar;C:\m2\repository\wsdl4j\wsdl4j\1.6.2-fixed\wsdl4j-1.6.2-fixed.jar;C:\m2\repository\junit\junit\4.4\junit-4.4.jar;C:\m2\repository\log4j\log4j\1.2.14\log4j-1.2.14.jar;C:\m2\repository\jgoodies\looks\2.2.0\looks-2.2.0.jar;C:\m2\repository\jgoodies\binding\2.0.1\binding-2.0.1.jar;C:\m2\repository\jgoodies\forms\1.0.7\forms-1.0.7.jar;C:\m2\repository\com\l2fprod\common\l2fprod-common-fontchooser\7.3\l2fprod-common-fontchooser-7.3.jar;C:\m2\repository\com\l2fprod\common\l2fprod-common-shared\6.9.1\l2fprod-common-shared-6.9.1.jar;C:\m2\repository\com\l2fprod\common\l2fprod-common-directorychooser\7.3\l2fprod-common-directorychooser-7.3.jar;C:\m2\repository\swingx\swingx\soapui\swingx-soapui.jar;C:\m2\repository\commons-logging\commons-logging\1.1.1\commons-logging-1.1.1.jar;C:\m2\repository\commons-collections\commons-collections\3.2.1\commons-collections-3.2.1.jar;C:\m2\repository\commons-lang\commons-lang\2.4\commons-lang-2.4.jar;C:\m2\repository\commons-beanutils\commons-beanutils\1.7.0\commons-beanutils-1.7.0.jar;C:\m2\repository\json\json-lib\2.2.2-jdk15\json-lib-2.2.2-jdk15.jar;C:\m2\repository\xom\xom\1.1\xom-1.1.jar;C:\m2\repository\xerces\xmlParserAPIs\2.6.2\xmlParserAPIs-2.6.2.jar;C:\m2\repository\xerces\xercesImpl\2.9.1\xercesImpl-2.9.1.jar;C:\m2\repository\xalan\xalan\2.7.1\xalan-2.7.1.jar;C:\m2\repository\xml-apis\xml-apis\1.3.04\xml-apis-1.3.04.jar;C:\m2\repository\jaxen\jaxen\1.1-beta-8\jaxen-1.1-beta-8.jar;C:\m2\repository\dom4j\dom4j\1.6.1\dom4j-1.6.1.jar;C:\m2\repository\jdom\jdom\1.0\jdom-1.0.jar;C:\m2\repository\ezmorph\ezmorph\1.0.5\ezmorph-1.0.5.jar;C:\m2\repository\commons-httpclient\commons-httpclient\3.1\commons-httpclient-3.1.jar;C:\m2\repository\commons-codec\commons-codec\1.3\commons-codec-1.3.jar;C:\m2\repository\commons-io\commons-io\1.3.2\commons-io-1.3.2.jar;C:\m2\repository\commons-cli\commons-cli\1.0\commons-cli-1.0.jar;C:\m2\repository\xmlbeans\xbean\fixed-2.4.0\xbean-fixed-2.4.0.jar;C:\m2\repository\xmlbeans\xbean_xpath\2.4.0\xbean_xpath-2.4.0.jar;C:\m2\repository\xmlbeans\xmlpublic\2.4.0\xmlpublic-2.4.0.jar;C:\m2\repository\xmlbeans\jsr173\xmlbeans-2.4.0\jsr173-xmlbeans-2.4.0.jar;C:\m2\repository\eviware\soapui-xmlbeans\3.5-beta2\soapui-xmlbeans-3.5-beta2.jar;C:\m2\repository\eviware\policy-xmlbeans\1.5\policy-xmlbeans-1.5.jar;C:\m2\repository\eviware\ext-xmlbeans\1.2\ext-xmlbeans-1.2.jar;C:\m2\repository\eviware\soap-xmlbeans\1.2\soap-xmlbeans-1.2.jar;C:\m2\repository\eviware\wadl-xmlbeans\1.1\wadl-xmlbeans-1.1.jar;C:\m2\repository\eviware\j2ee-xmlbeans\1.4\j2ee-xmlbeans-1.4.jar;C:\m2\repository\eviware\soapui\3.5-beta2\soapui-3.5-beta2.jar;C:\m2\repository\saxon\saxon\9.1.0.8j\saxon-9.1.0.8j.jar;C:\m2\repository\saxon\saxon-dom\9.1.0.8j\saxon-dom-9.1.0.8j.jar;C:\m2\repository\rhino\js\1.7R2\js-1.7R2.jar;C:\m2\repository\groovy\groovy-all\1.7.1\groovy-all-1.7.1.jar;C:\m2\repository\jetty\jetty\6.1.22\jetty-6.1.22.jar;C:\m2\repository\jetty\jetty-util\6.1.22\jetty-util-6.1.22.jar;C:\m2\repository\jetty\servlet-api\2.5-20081211\servlet-api-2.5-20081211.jar;C:\m2\repository\easymock\easymock\2.0\easymock-2.0.jar;C:\m2\repository\commons-jexl\commons-jexl\1.0\commons-jexl-1.0.jar;C:\m2\repository\xmlunit\xmlunit\1.2\xmlunit-1.2.jar;C:\m2\repository\xml-security\xmlsec\1.4.3\xmlsec-1.4.3.jar;C:\m2\repository\net-components\netcomponents\1.3.8a\netcomponents-1.3.8a.jar;C:\m2\repository\opensaml\opensaml\1.1\opensaml-1.1.jar;C:\m2\repository\xalan\serializer\2.7.1\serializer-2.7.1.jar;C:\m2\repository\wss4j\wss4j\1.5.8\wss4j-1.5.8.jar;C:\m2\repository\bouncycastle\bcprov-jdk15\143\bcprov-jdk15-143.jar;C:\m2\repository\jtidy\jtidy\r820\jtidy-r820.jar;C:\m2\repository\commons-ssl\not-yet-commons-ssl\0.3.11\not-yet-commons-ssl-0.3.11.jar;C:\m2\repository\javax\activation\activation\1.1\activation-1.1.jar;C:\m2\repository\javax\mail\mail\1.4\mail-1.4.jar;C:\m2\repository\teamdev\jxbrowser\1.4\jxbrowser-1.4.jar;C:\m2\repository\amf\flex-messaging-common\1.0\flex-messaging-common-1.0.jar;C:\m2\repository\amf\flex-messaging-core\1.0\flex-messaging-core-1.0.jar;C:\m2\repository\amf\flex-messaging-opt\1.0\flex-messaging-opt-1.0.jar;C:\m2\repository\amf\flex-messaging-proxy\1.0\flex-messaging-proxy-1.0.jar;C:\m2\repository\amf\flex-messaging-remoting\1.0\flex-messaging-remoting-1.0.jar;C:\m2\repository\thoughtworks\xstream\1.3.1\xstream-1.3.1.jar;C:\m2\repository\javax\jms\jms\1.1\jms-1.1.jar;C:\m2\repository\hermesjms\hermes\1.14\hermes-1.14.jar;C:\m2\repository\activesoap\jaxb-impl\1.5\jaxb-impl-1.5.jar;"/>
    <property name="java.vm.specification.version" value="1.0"/>
    <property name="sun.arch.data.model" value="32"/>
    <property name="java.home" value="C:\Java\jdk1.6.0_16\jre"/>
    <property name="java.specification.vendor" value="Sun Microsystems Inc."/>
    <property name="user.language" value="en"/>
    <property name="awt.toolkit" value="sun.awt.windows.WToolkit"/>
    <property name="java.vm.info" value="mixed mode, sharing"/>
    <property name="java.version" value="1.6.0_16"/>
    <property name="java.ext.dirs" value="C:\Java\jdk1.6.0_16\jre\lib\ext;C:\Windows\Sun\Java\lib\ext"/>
    <property name="sun.boot.class.path" value="C:\Java\jdk1.6.0_16\jre\lib\resources.jar;C:\Java\jdk1.6.0_16\jre\lib\rt.jar;C:\Java\jdk1.6.0_16\jre\lib\sunrsasign.jar;C:\Java\jdk1.6.0_16\jre\lib\jsse.jar;C:\Java\jdk1.6.0_16\jre\lib\jce.jar;C:\Java\jdk1.6.0_16\jre\lib\charsets.jar;C:\Java\jdk1.6.0_16\jre\classes"/>
    <property name="java.vendor" value="Sun Microsystems Inc."/>
    <property name="localRepository" value="C:\m2\repository"/>
    <property name="file.separator" value="\"/>
    <property name="java.vendor.url.bug" value="http://java.sun.com/cgi-bin/bugreport.cgi"/>
    <property name="sun.cpu.endian" value="little"/>
    <property name="sun.io.unicode.encoding" value="UnicodeLittle"/>
    <property name="sun.desktop" value="windows"/>
    <property name="sun.cpu.isalist" value="pentium_pro+mmx pentium_pro pentium+mmx pentium i486 i386 i86"/>
  </properties>
  <testcase time="0.007" classname="com.eviware.soapui.maven2.URLUtilTest" name="testReplaceHost"/>
  <testcase time="0.009" classname="com.eviware.soapui.maven2.URLUtilTest" name="testReplaceContext1"/>
  <testcase time="0.001" classname="com.eviware.soapui.maven2.URLUtilTest" name="testReplaceContext2"/>
  <testcase time="0.001" classname="com.eviware.soapui.maven2.URLUtilTest" name="testReplaceContext3"/>
</testsuite>