<?xml version="1.0" encoding="UTF-8"?>
<!DOCTYPE beans PUBLIC 
  "-//SPRING//DTD BEAN//EN" 
  "http://www.springframework.org/dtd/spring-beans.dtd">

<beans>
	<bean id="propertyConfigurer"
		class="org.kuali.student.common.util.ModPropertyPlaceholderConfigurer">
		<property name="locations">
			<list>
				<value>classpath:test-modprop.properties</value>
			</list>
		</property>
		<property name="customConfigFileLocation" value="classpath:${otherproperties.filelocation}" />
	</bean>
	
    <bean id="obit" class="java.lang.String">
        <constructor-arg value="${sys.statement}"/>
    </bean>

    <bean id="statement2" class="java.lang.String">
        <constructor-arg value="${sys.statement2}"/>
    </bean>
    
</beans>