<?xml version="1.0" encoding="UTF-8"?>
<persistence version="1.0"
	xmlns="http://java.sun.com/xml/ns/persistence"
	xmlns:xsi="http://www.w3.org/2001/XMLSchema-instance"
	xsi:schemaLocation="http://java.sun.com/xml/ns/persistence http://java.sun.com/xml/ns/persistence/persistence_1_0.xsd" >

	<persistence-unit name="TestPU" transaction-type="JTA">
		<class>org.kuali.student.common_test_tester.support.Value</class>
<!-- 		    <jta-data-source>dataSource0</jta-data-source>  eclipselink debugging GS -->

	</persistence-unit>
</persistence>