<?xml version="1.0" encoding="UTF-8" ?>
<testsuite failures="0" time="0.016" errors="0" skipped="0" tests="1" name="org.kuali.student.schemaFiller.AppTest">
  <properties>
    <property name="java.vendor" value="Sun Microsystems Inc."/>
    <property name="localRepository" value="C:\Java\repository"/>
    <property name="sun.java.launcher" value="SUN_STANDARD"/>
    <property name="sun.management.compiler" value="HotSpot Client Compiler"/>
    <property name="env.PROMPT" value="$P$G"/>
    <property name="os.name" value="Windows XP"/>
    <property name="env.FP_NO_HOST_CHECK" value="NO"/>
    <property name="sun.boot.class.path" value="C:\Java\jre\lib\resources.jar;C:\Java\jre\lib\rt.jar;C:\Java\jre\lib\sunrsasign.jar;C:\Java\jre\lib\jsse.jar;C:\Java\jre\lib\jce.jar;C:\Java\jre\lib\charsets.jar;C:\Java\jre\classes"/>
    <property name="env.COMPUTERNAME" value="D79LJTJ1"/>
    <property name="env.ALLUSERSPROFILE" value="C:\Documents and Settings\All Users"/>
    <property name="sun.desktop" value="windows"/>
    <property name="java.vm.specification.vendor" value="Sun Microsystems Inc."/>
    <property name="java.runtime.version" value="1.6.0_13-b03"/>
    <property name="env.HOMEPATH" value="\Documents and Settings\Neerav Agrawal"/>
    <property name="user.name" value="Neerav Agrawal"/>
    <property name="env.QTJAVA" value="C:\Java\lib\ext\QTJava.zip"/>
    <property name="user.language" value="en"/>
    <property name="sun.boot.library.path" value="C:\Java\jre\bin"/>
    <property name="classworlds.conf" value="C:\workspace_test\.metadata\.plugins\org.maven.ide.eclipse\launches\m2conf6019436690344135714.tmp"/>
    <property name="java.version" value="1.6.0_13"/>
    <property name="env.PROCESSOR_IDENTIFIER" value="x86 Family 6 Model 23 Stepping 10, GenuineIntel"/>
    <property name="user.timezone" value=""/>
    <property name="env.CLIENTNAME" value="Console"/>
    <property name="env.TEMP" value="C:\DOCUME~1\NEERAV~1\LOCALS~1\Temp"/>
    <property name="sun.arch.data.model" value="32"/>
    <property name="java.endorsed.dirs" value="C:\Java\jre\lib\endorsed"/>
    <property name="sun.cpu.isalist" value="pentium_pro+mmx pentium_pro pentium+mmx pentium i486 i386 i86"/>
    <property name="env.HOMEDRIVE" value="C:"/>
    <property name="sun.jnu.encoding" value="Cp1252"/>
    <property name="file.encoding.pkg" value="sun.io"/>
    <property name="file.separator" value="\"/>
    <property name="java.specification.name" value="Java Platform API Specification"/>
    <property name="java.class.version" value="50.0"/>
    <property name="user.country" value="US"/>
    <property name="java.home" value="C:\Java\jre"/>
    <property name="env.APPDATA" value="C:\Documents and Settings\Neerav Agrawal\Application Data"/>
    <property name="java.vm.info" value="mixed mode, sharing"/>
    <property name="env.ComSpec" value="C:\WINDOWS\system32\cmd.exe"/>
    <property name="env.OS" value="Windows_NT"/>
    <property name="env.CommonProgramFiles" value="C:\Program Files\Common Files"/>
    <property name="os.version" value="5.1"/>
    <property name="env.SYSTEM_CONFIG" value="C:\Documents and Settings\Neerav Agrawal\kuali\main\dev"/>
    <property name="path.separator" value=";"/>
    <property name="java.vm.version" value="11.3-b02"/>
    <property name="user.variant" value=""/>
    <property name="env.USERPROFILE" value="C:\Documents and Settings\Neerav Agrawal"/>
    <property name="env.JAVA_HOME" value="C:\Java"/>
    <property name="java.awt.printerjob" value="sun.awt.windows.WPrinterJob"/>
    <property name="env.TMP" value="C:\DOCUME~1\NEERAV~1\LOCALS~1\Temp"/>
    <property name="sun.io.unicode.encoding" value="UnicodeLittle"/>
    <property name="awt.toolkit" value="sun.awt.windows.WToolkit"/>
    <property name="user.home" value="C:\Documents and Settings\Neerav Agrawal"/>
    <property name="env.SESSIONNAME" value="Console"/>
    <property name="java.specification.vendor" value="Sun Microsystems Inc."/>
    <property name="env.RoxioCentral" value="C:\Program Files\Common Files\Roxio Shared\9.0\Roxio Central33\"/>
    <property name="env.CLASSPATH" value=".;C:\Java\lib\ext\QTJava.zip"/>
    <property name="env.NUMBER_OF_PROCESSORS" value="2"/>
    <property name="java.library.path" value="C:\Java\jre\bin;.;C:\WINDOWS\Sun\Java\bin;C:\WINDOWS\system32;C:\WINDOWS;C:/Java/bin/client;C:/Java/bin;C:\oraclexe\app\oracle\product\10.2.0\server\bin;C:\WINDOWS\system32;C:\WINDOWS;C:\WINDOWS\System32\Wbem;C:\Program Files\Intel\DMIX;C:\Program Files\NTRU Cryptosystems\NTRU TCG Software Stack\bin\;C:\Program Files\Wave Systems Corp\Gemalto\Access Client\v5\;C:\Program Files\Common Files\Roxio Shared\DLLShared\;C:\Program Files\Common Files\Roxio Shared\9.0\DLLShared\;C:\Java\apache-maven-2.0.9\bin;C:\Program Files\QuickTime\QTSystem\;C:\WINDOWS\system32\WindowsPowerShell\v1.0;C:\Program Files\Common Files\DivX Shared\;Pñ&amp;#18;"/>
    <property name="java.vendor.url" value="http://java.sun.com/"/>
    <property name="java.vm.vendor" value="Sun Microsystems Inc."/>
    <property name="maven.home" value="EMBEDDED"/>
    <property name="java.runtime.name" value="Java(TM) SE Runtime Environment"/>
    <property name="java.class.path" value="/C:/Java/eclipse2/eclipse/plugins/org.maven.ide.components.maven_embedder_2.1.0.20080530-2300/jars/plexus-classworlds-1.2-alpha-12.jar"/>
    <property name="java.vm.specification.name" value="Java Virtual Machine Specification"/>
    <property name="env.LOGONSERVER" value="\\D79LJTJ1"/>
    <property name="env.windir" value="C:\WINDOWS"/>
    <property name="java.vm.specification.version" value="1.0"/>
    <property name="env.PROCESSOR_ARCHITECTURE" value="x86"/>
    <property name="m2eclipse.workspace.state" value="C:\workspace_test\.metadata\.plugins\org.maven.ide.eclipse\workspacestate.properties"/>
    <property name="sun.cpu.endian" value="little"/>
    <property name="sun.os.patch.level" value="Service Pack 3"/>
    <property name="env.ProgramFiles" value="C:\Program Files"/>
    <property name="surefire.test.class.path" value="C:\workspace_test\schemaFiller\target\test-classes;C:\workspace_test\schemaFiller\target\classes;C:\Java\repository\junit\junit\3.8.1\junit-3.8.1.jar;"/>
    <property name="java.io.tmpdir" value="C:\DOCUME~1\NEERAV~1\LOCALS~1\Temp\"/>
    <property name="env.PROCESSOR_REVISION" value="170a"/>
    <property name="java.vendor.url.bug" value="http://java.sun.com/cgi-bin/bugreport.cgi"/>
    <property name="env.SystemRoot" value="C:\WINDOWS"/>
    <property name="java.awt.graphicsenv" value="sun.awt.Win32GraphicsEnvironment"/>
    <property name="os.arch" value="x86"/>
    <property name="java.ext.dirs" value="C:\Java\jre\lib\ext;C:\WINDOWS\Sun\Java\lib\ext"/>
    <property name="user.dir" value="C:\workspace_test\schemaFiller"/>
    <property name="line.separator" value="
"/>
    <property name="java.vm.name" value="Java HotSpot(TM) Client VM"/>
    <property name="env.PATHEXT" value=".COM;.EXE;.BAT;.CMD;.VBS;.VBE;.JS;.JSE;.WSF;.WSH;.PSC1"/>
    <property name="env.Path" value="C:/Java/bin/client;C:/Java/bin;C:\oraclexe\app\oracle\product\10.2.0\server\bin;C:\WINDOWS\system32;C:\WINDOWS;C:\WINDOWS\System32\Wbem;C:\Program Files\Intel\DMIX;C:\Program Files\NTRU Cryptosystems\NTRU TCG Software Stack\bin\;C:\Program Files\Wave Systems Corp\Gemalto\Access Client\v5\;C:\Program Files\Common Files\Roxio Shared\DLLShared\;C:\Program Files\Common Files\Roxio Shared\9.0\DLLShared\;C:\Java\apache-maven-2.0.9\bin;C:\Program Files\QuickTime\QTSystem\;C:\WINDOWS\system32\WindowsPowerShell\v1.0;C:\Program Files\Common Files\DivX Shared\;P¤&amp;#18;"/>
    <property name="basedir" value="C:\workspace_test\schemaFiller"/>
    <property name="maven.mode.standalone" value="true"/>
    <property name="env.USERNAME" value="Neerav Agrawal"/>
    <property name="env.SystemDrive" value="C:"/>
    <property name="file.encoding" value="Cp1252"/>
    <property name="env.USERDOMAIN" value="D79LJTJ1"/>
    <property name="java.specification.version" value="1.6"/>
    <property name="env.PROCESSOR_LEVEL" value="6"/>
  </properties>
  <testcase time="0" classname="org.kuali.student.schemaFiller.AppTest" name="testApp"/>
</testsuite>